2017-04-29 21:18:53,907 - Main logger - ce80e24f-af18-4323-95ba-45f03129fa77 - INFO - BOT SAYS: [{'delay': 0, 'type': 'text', 'payload': {'text': "Sorry, I don't understand you. Type 'start' or 'end'."}}]
2017-04-29 21:19:02,061 - Main logger - ce80e24f-af18-4323-95ba-45f03129fa77 - INFO - USER SAYS: lksdjfkl
2017-04-29 21:19:03,223 - Main logger - ce80e24f-af18-4323-95ba-45f03129fa77 - INFO - BOT SAYS: [{'delay': 0, 'type': 'text', 'payload': {'text': "Sorry, I don't understand you. Type 'start' or 'end'."}}]
2017-04-29 21:19:05,120 - Main logger - ce80e24f-af18-4323-95ba-45f03129fa77 - INFO - USER SAYS: 46468
2017-04-29 21:19:06,109 - Main logger - ce80e24f-af18-4323-95ba-45f03129fa77 - INFO - BOT SAYS: [{'delay': 0, 'type': 'text', 'payload': {'text': "Sorry, I don't understand you. Type 'start' or 'end'."}}]
2017-04-29 21:19:08,176 - Main logger - ce80e24f-af18-4323-95ba-45f03129fa77 - INFO - USER SAYS: start
2017-04-29 21:19:09,984 - Main logger - ce80e24f-af18-4323-95ba-45f03129fa77 - INFO - BOT SAYS: [{'delay': 0, 'type': 'text', 'payload': {'text': "Sorry, I don't understand you. Type 'start' or 'end'."}}]
2017-04-29 21:19:13,156 - Main logger - ce80e24f-af18-4323-95ba-45f03129fa77 - INFO - USER SAYS: start
2017-04-29 21:19:14,981 - Main logger - ce80e24f-af18-4323-95ba-45f03129fa77 - INFO - BOT SAYS: [{'delay': 0, 'type': 'text', 'payload': {'text': "Sorry, I don't understand you. Type 'start' or 'end'."}}]
2017-04-29 21:21:08,194 - Main logger - 300e8fdd-0d07-4ef1-9b88-abbd69c0309e - INFO - BOT SAYS: [{'delay': 0, 'type': 'text', 'payload': {'text': "Hello. What's your name?"}}]
2017-04-29 21:21:11,178 - Main logger - 300e8fdd-0d07-4ef1-9b88-abbd69c0309e - INFO - USER SAYS: test
2017-04-29 21:21:13,194 - Main logger - 300e8fdd-0d07-4ef1-9b88-abbd69c0309e - INFO - BOT SAYS: [{'delay': 0, 'type': 'text', 'payload': {'text': 'Welcome back test. What would you like to do (start/end)?'}}]
2017-04-29 21:21:15,997 - Main logger - 300e8fdd-0d07-4ef1-9b88-abbd69c0309e - INFO - USER SAYS: kfldsjklfs
2017-04-29 21:21:17,408 - Main logger - 300e8fdd-0d07-4ef1-9b88-abbd69c0309e - INFO - BOT SAYS: [{'delay': 0, 'type': 'text', 'payload': {'text': "Sorry, I don't understand you. Type 'start' or 'end'."}}]
2017-04-29 21:21:19,368 - Main logger - 300e8fdd-0d07-4ef1-9b88-abbd69c0309e - INFO - USER SAYS: start
2017-04-29 21:21:21,195 - Main logger - 300e8fdd-0d07-4ef1-9b88-abbd69c0309e - INFO - BOT SAYS: [{'delay': 0, 'type': 'text', 'payload': {'text': 'Great. Thanks for letting me know.'}}, {'delay': 0, 'type': 'text', 'payload': {'text': "Hello. What's your name?"}}]
2017-04-29 21:21:32,179 - Main logger - 300e8fdd-0d07-4ef1-9b88-abbd69c0309e - INFO - USER SAYS: test
2017-04-29 21:21:33,622 - Main logger - 300e8fdd-0d07-4ef1-9b88-abbd69c0309e - INFO - BOT SAYS: [{'delay': 0, 'type': 'text', 'payload': {'text': 'Welcome back test. What would you like to do (start/end)?'}}]
2017-04-29 21:21:35,301 - Main logger - 300e8fdd-0d07-4ef1-9b88-abbd69c0309e - INFO - USER SAYS: end
2017-04-29 21:21:37,425 - Main logger - 300e8fdd-0d07-4ef1-9b88-abbd69c0309e - INFO - BOT SAYS: [{'delay': 0, 'type': 'text', 'payload': {'text': 'Great. Thanks for letting me know.'}}, {'delay': 0, 'type': 'text', 'payload': {'text': "Hello. What's your name?"}}]
2017-04-29 21:21:41,245 - Main logger - 300e8fdd-0d07-4ef1-9b88-abbd69c0309e - INFO - USER SAYS: test
2017-04-29 21:21:42,686 - Main logger - 300e8fdd-0d07-4ef1-9b88-abbd69c0309e - INFO - BOT SAYS: [{'delay': 0, 'type': 'text', 'payload': {'text': 'Welcome back test. What would you like to do (start/end)?'}}]
2017-04-29 21:21:43,792 - Main logger - 300e8fdd-0d07-4ef1-9b88-abbd69c0309e - INFO - USER SAYS: end
2017-04-29 21:21:46,048 - Main logger - 300e8fdd-0d07-4ef1-9b88-abbd69c0309e - INFO - BOT SAYS: [{'delay': 0, 'type': 'text', 'payload': {'text': 'Great. Thanks for letting me know.'}}, {'delay': 0, 'type': 'text', 'payload': {'text': "Hello. What's your name?"}}]
2017-04-29 21:21:50,324 - Main logger - 300e8fdd-0d07-4ef1-9b88-abbd69c0309e - INFO - USER SAYS: test
2017-04-29 21:21:51,762 - Main logger - 300e8fdd-0d07-4ef1-9b88-abbd69c0309e - INFO - BOT SAYS: [{'delay': 0, 'type': 'text', 'payload': {'text': 'Welcome back test. What would you like to do (start/end)?'}}]
2017-04-29 21:21:53,367 - Main logger - 300e8fdd-0d07-4ef1-9b88-abbd69c0309e - INFO - USER SAYS: end
2017-04-29 21:21:55,577 - Main logger - 300e8fdd-0d07-4ef1-9b88-abbd69c0309e - INFO - BOT SAYS: [{'delay': 0, 'type': 'text', 'payload': {'text': 'Great. Thanks for letting me know.'}}, {'delay': 0, 'type': 'text', 'payload': {'text': "Hello. What's your name?"}}]
2017-04-29 21:23:56,715 - Main logger - 300e8fdd-0d07-4ef1-9b88-abbd69c0309e - INFO - USER SAYS: test
2017-04-29 21:23:59,246 - Main logger - 300e8fdd-0d07-4ef1-9b88-abbd69c0309e - INFO - BOT SAYS: [{'type': 'text', 'payload': {'text': 'Welcome back test. What would you like to do (start/end)?'}, 'delay': 0}]
2017-04-29 21:24:01,252 - Main logger - 300e8fdd-0d07-4ef1-9b88-abbd69c0309e - INFO - USER SAYS: end
2017-05-05 10:46:27,300 - Main logger - 7d951009-ea35-421f-b220-5d201ce14e81 - INFO - BOT SAYS: [{'payload': {'text': "Hello. What's your name?"}, 'type': 'text', 'delay': 0}]
2017-05-05 10:47:36,114 - Main logger - 7d951009-ea35-421f-b220-5d201ce14e81 - INFO - USER SAYS: test
2017-05-05 10:47:38,762 - Main logger - 7d951009-ea35-421f-b220-5d201ce14e81 - INFO - BOT SAYS: [{'payload': {'text': 'Welcome back test. What would you like to do (start/end)?'}, 'type': 'text', 'delay': 0}]
2017-05-05 10:48:01,543 - Main logger - 7d951009-ea35-421f-b220-5d201ce14e81 - INFO - USER SAYS: start
2017-05-05 10:48:04,209 - Main logger - 7d951009-ea35-421f-b220-5d201ce14e81 - INFO - BOT SAYS: [{'payload': {'text': 'Great. Thanks for letting me know.'}, 'type': 'text', 'delay': 0}, {'payload': {'text': "Hello. What's your name?"}, 'type': 'text', 'delay': 0}]
2017-05-05 10:48:10,629 - Main logger - 7d951009-ea35-421f-b220-5d201ce14e81 - INFO - RESET
2017-05-05 10:48:10,631 - Main logger - 7d951009-ea35-421f-b220-5d201ce14e81 - INFO - GOTO: init
2017-05-05 10:48:10,640 - Main logger - 7d951009-ea35-421f-b220-5d201ce14e81 - INFO - BOT SAYS: [{'payload': {'text': "Hello. What's your name?"}, 'type': 'text', 'delay': 0}]
2017-05-05 12:15:22,229 - Main logger - 9b8ed7b9-c721-4da4-86dd-a5438866f1d3 - INFO - BOT SAYS: [{'payload': {'text': "Hello. What's your name?"}, 'type': 'text', 'delay': 0}]
2017-05-05 12:15:29,296 - Main logger - 9b8ed7b9-c721-4da4-86dd-a5438866f1d3 - INFO - USER SAYS: vaclav
2017-05-05 12:15:33,320 - Main logger - 9b8ed7b9-c721-4da4-86dd-a5438866f1d3 - INFO - BOT SAYS: [{'payload': {'text': 'Nice to meet you vaclav. What would you like to do (start/end)?'}, 'type': 'text', 'delay': 0}]
2017-05-05 12:15:36,020 - Main logger - 9b8ed7b9-c721-4da4-86dd-a5438866f1d3 - INFO - BOT SAYS: [{'payload': {'text': 'Nice to meet you . What would you like to do (start/end)?'}, 'type': 'text', 'delay': 0}]
2017-05-05 12:16:58,977 - Main logger - 9b8ed7b9-c721-4da4-86dd-a5438866f1d3 - INFO - USER SAYS: start
2017-05-05 12:17:24,322 - Main logger - 9b8ed7b9-c721-4da4-86dd-a5438866f1d3 - INFO - BOT SAYS: [{'payload': {'text': 'Great. Thanks for letting me know.'}, 'type': 'text', 'delay': 0}, {'payload': {'text': "Hello. What's your name?"}, 'type': 'text', 'delay': 0}]
2017-05-05 13:25:08,570 - Main logger - fd066c1a-d5cb-47be-8731-0cc92b5db2e4 - INFO - BOT SAYS: [{'type': 'text', 'delay': 0, 'payload': {'text': "Hello. What's your name?"}}]
2017-05-05 13:29:07,452 - Main logger - 25b92ca1-f05e-4ba6-8c8f-b7bbc1c1e039 - INFO - BOT SAYS: [{'type': 'text', 'delay': 0, 'payload': {'text': "Hello. What's your name?"}}]
2017-05-05 13:29:25,046 - Main logger - 25b92ca1-f05e-4ba6-8c8f-b7bbc1c1e039 - INFO - USER SAYS: test
2017-05-05 13:29:27,890 - Main logger - 25b92ca1-f05e-4ba6-8c8f-b7bbc1c1e039 - INFO - BOT SAYS: [{'type': 'text', 'delay': 0, 'payload': {'text': 'Welcome back test. What would you like to do (start/end)?'}}]
2017-05-05 13:29:31,546 - Main logger - 25b92ca1-f05e-4ba6-8c8f-b7bbc1c1e039 - INFO - USER SAYS: start
2017-05-05 13:29:33,437 - Main logger - 25b92ca1-f05e-4ba6-8c8f-b7bbc1c1e039 - INFO - BOT SAYS: [{'type': 'text', 'delay': 0, 'payload': {'text': 'Great. Thanks for letting me know.'}}, {'type': 'text', 'delay': 0, 'payload': {'text': "Hello. What's your name?"}}]
2017-05-05 13:29:55,781 - Main logger - 25b92ca1-f05e-4ba6-8c8f-b7bbc1c1e039 - INFO - USER SAYS: vaclav
2017-05-05 13:29:56,656 - Main logger - 25b92ca1-f05e-4ba6-8c8f-b7bbc1c1e039 - INFO - BOT SAYS: [{'type': 'text', 'delay': 0, 'payload': {'text': 'Welcome back vaclav. What would you like to do (start/end)?'}}]
2017-05-05 13:29:58,969 - Main logger - 25b92ca1-f05e-4ba6-8c8f-b7bbc1c1e039 - INFO - USER SAYS: start
2017-05-05 13:30:00,594 - Main logger - 25b92ca1-f05e-4ba6-8c8f-b7bbc1c1e039 - INFO - BOT SAYS: [{'type': 'text', 'delay': 0, 'payload': {'text': 'Great. Thanks for letting me know.'}}, {'type': 'text', 'delay': 0, 'payload': {'text': "Hello. What's your name?"}}]
2017-05-05 13:30:25,035 - Main logger - 3990c5c2-a254-4acb-a9ee-b00d00350c95 - INFO - BOT SAYS: [{'type': 'text', 'delay': 0, 'payload': {'text': "Hello. What's your name?"}}]
2017-05-05 13:30:27,379 - Main logger - 3990c5c2-a254-4acb-a9ee-b00d00350c95 - INFO - USER SAYS: test
2017-05-05 13:30:28,801 - Main logger - 3990c5c2-a254-4acb-a9ee-b00d00350c95 - INFO - BOT SAYS: [{'type': 'text', 'delay': 0, 'payload': {'text': 'Welcome back test. What would you like to do (start/end)?'}}]
2017-05-05 13:30:30,426 - Main logger - 3990c5c2-a254-4acb-a9ee-b00d00350c95 - INFO - USER SAYS: start
2017-05-05 13:30:31,629 - Main logger - 3990c5c2-a254-4acb-a9ee-b00d00350c95 - INFO - BOT SAYS: [{'type': 'text', 'delay': 0, 'payload': {'text': 'Great. Thanks for letting me know.'}}, {'type': 'text', 'delay': 0, 'payload': {'text': "Hello. What's your name?"}}]
2017-05-05 15:23:35,274 - Main logger - b70882d0-bef6-4aac-aed8-42f44fc0f3b6 - INFO - BOT SAYS: [{'type': 'text', 'payload': {'text': "Hello. What's your name?"}, 'delay': 0}]
2017-05-05 15:23:39,978 - Main logger - b70882d0-bef6-4aac-aed8-42f44fc0f3b6 - INFO - USER SAYS: test
2017-05-05 15:24:25,067 - Main logger - ef01b614-5bad-4884-87ce-7b758b39bb01 - INFO - BOT SAYS: [{'payload': {'text': "Hello. What's your name?"}, 'type': 'text', 'delay': 0}]
2017-05-05 15:24:27,928 - Main logger - ef01b614-5bad-4884-87ce-7b758b39bb01 - INFO - USER SAYS: test
2017-05-05 15:25:02,998 - Main logger - 83495343-2be9-4819-9d90-32756ad5a080 - INFO - BOT SAYS: [{'type': 'text', 'delay': 0, 'payload': {'text': "Hello. What's your name?"}}]
2017-05-05 15:25:05,900 - Main logger - 83495343-2be9-4819-9d90-32756ad5a080 - INFO - USER SAYS: test
2017-05-05 15:25:06,111 - Main logger - 83495343-2be9-4819-9d90-32756ad5a080 - INFO - BOT SAYS: [{'type': 'text', 'delay': 0, 'payload': {'text': "Hello. What's your name?"}}, {'type': 'text', 'delay': 0, 'payload': {'text': 'END'}}]
2017-05-05 15:25:06,113 - Main logger - 83495343-2be9-4819-9d90-32756ad5a080 - INFO - ===== SESSION END =====
2017-05-05 15:25:50,870 - Main logger - 016d8694-68a4-402b-a3a4-6084165e6972 - INFO - BOT SAYS: [{'type': 'text', 'delay': 0, 'payload': {'text': "Hello. What's your name?"}}]
2017-05-05 15:25:53,402 - Main logger - 016d8694-68a4-402b-a3a4-6084165e6972 - INFO - USER SAYS: test
2017-05-05 15:25:53,462 - Main logger - 016d8694-68a4-402b-a3a4-6084165e6972 - INFO - BOT SAYS: [{'type': 'text', 'delay': 0, 'payload': {'text': 'sport'}}, {'type': 'text', 'delay': 0, 'payload': {'text': 'END'}}]
2017-05-05 15:25:53,470 - Main logger - 016d8694-68a4-402b-a3a4-6084165e6972 - INFO - ===== SESSION END =====
2017-05-05 15:27:07,485 - Main logger - c26c3296-1440-4f78-8eb8-b692df79d9b3 - INFO - BOT SAYS: [{'type': 'text', 'delay': 0, 'payload': {'text': "Hello. What's your name?"}}]
2017-05-05 15:27:10,524 - Main logger - c26c3296-1440-4f78-8eb8-b692df79d9b3 - INFO - USER SAYS: test
2017-05-05 15:27:10,563 - Main logger - c26c3296-1440-4f78-8eb8-b692df79d9b3 - INFO - BOT SAYS: [{'type': 'text', 'delay': 0, 'payload': {'text': 'sport'}}, {'type': 'text', 'delay': 0, 'payload': {'text': 'END'}}]
2017-05-05 15:27:10,566 - Main logger - c26c3296-1440-4f78-8eb8-b692df79d9b3 - INFO - ===== SESSION END =====
2017-05-05 15:29:34,387 - Main logger - 33aafb5b-7589-44a7-8669-908e181c0347 - INFO - BOT SAYS: [{'delay': 0, 'type': 'text', 'payload': {'text': "Hello. What's your name?"}}]
2017-05-05 15:29:37,836 - Main logger - 33aafb5b-7589-44a7-8669-908e181c0347 - INFO - USER SAYS: test
2017-05-05 15:29:37,892 - Main logger - 33aafb5b-7589-44a7-8669-908e181c0347 - INFO - BOT SAYS: [{'delay': 0, 'type': 'text', 'payload': {'text': 'sport'}}, {'delay': 0, 'type': 'text', 'payload': {'text': 'END'}}]
2017-05-05 15:29:37,894 - Main logger - 33aafb5b-7589-44a7-8669-908e181c0347 - INFO - ===== SESSION END =====
2017-05-05 15:36:23,883 - Main logger - 6e298a6e-42ca-4877-8fd3-a8f4d01c001f - INFO - BOT SAYS: [{'type': 'text', 'delay': 0, 'payload': {'text': "Hello. What's your name?"}}]
2017-05-05 15:36:26,695 - Main logger - 6e298a6e-42ca-4877-8fd3-a8f4d01c001f - INFO - USER SAYS: test
2017-05-05 15:36:26,739 - Main logger - 6e298a6e-42ca-4877-8fd3-a8f4d01c001f - INFO - BOT SAYS: [{'type': 'text', 'delay': 0, 'payload': {'text': 'sport'}}, {'type': 'text', 'delay': 0, 'payload': {'text': 'END'}}]
2017-05-05 15:36:26,741 - Main logger - 6e298a6e-42ca-4877-8fd3-a8f4d01c001f - INFO - ===== SESSION END =====
2017-05-05 15:38:52,885 - Main logger - 5b24727c-ea95-420d-b64e-401f3f12e38d - INFO - BOT SAYS: [{'payload': {'text': "Hello. What's your name?"}, 'delay': 0, 'type': 'text'}]
2017-05-05 15:38:56,919 - Main logger - 5b24727c-ea95-420d-b64e-401f3f12e38d - INFO - USER SAYS: test
2017-05-05 15:38:56,958 - Main logger - 5b24727c-ea95-420d-b64e-401f3f12e38d - INFO - BOT SAYS: [{'payload': {'text': 'sport'}, 'delay': 0, 'type': 'text'}, {'payload': {'text': 'END'}, 'delay': 0, 'type': 'text'}]
2017-05-05 15:38:56,961 - Main logger - 5b24727c-ea95-420d-b64e-401f3f12e38d - INFO - ===== SESSION END =====
2017-05-05 15:42:15,266 - Main logger - 30f2236a-9704-43bb-9655-f315369d80d6 - INFO - BOT SAYS: [{'payload': {'text': "Hello. What's your name?"}, 'delay': 0, 'type': 'text'}]
2017-05-05 15:42:22,673 - Main logger - 30f2236a-9704-43bb-9655-f315369d80d6 - INFO - USER SAYS: test
2017-05-05 15:42:22,712 - Main logger - 30f2236a-9704-43bb-9655-f315369d80d6 - INFO - BOT SAYS: [{'payload': {'text': 'sport'}, 'delay': 0, 'type': 'text'}, {'payload': {'text': 'END'}, 'delay': 0, 'type': 'text'}]
2017-05-05 15:42:22,713 - Main logger - 30f2236a-9704-43bb-9655-f315369d80d6 - INFO - ===== SESSION END =====
2017-05-05 15:45:48,137 - Main logger - 51bc3ad1-3636-4c10-959f-11261fd6b2ac - INFO - BOT SAYS: [{'delay': 0, 'type': 'text', 'payload': {'text': "Hello. What's your name?"}}]
2017-05-05 15:45:52,050 - Main logger - 51bc3ad1-3636-4c10-959f-11261fd6b2ac - INFO - USER SAYS: test
2017-05-05 15:45:52,091 - Main logger - 51bc3ad1-3636-4c10-959f-11261fd6b2ac - INFO - BOT SAYS: [{'delay': 0, 'type': 'text', 'payload': {'text': 'sport'}}, {'delay': 0, 'type': 'text', 'payload': {'text': 'END'}}]
2017-05-05 15:45:52,093 - Main logger - 51bc3ad1-3636-4c10-959f-11261fd6b2ac - INFO - ===== SESSION END =====
2017-05-05 15:46:48,098 - Main logger - f3fc162b-a0bd-4b99-b9f1-72f9b45e59a9 - INFO - BOT SAYS: [{'delay': 0, 'payload': {'text': "Hello. What's your name?"}, 'type': 'text'}]
2017-05-05 15:46:51,135 - Main logger - f3fc162b-a0bd-4b99-b9f1-72f9b45e59a9 - INFO - USER SAYS: test
2017-05-05 15:47:14,991 - Main logger - 4df789ba-b515-494c-b7d9-c91faf3f6cb6 - INFO - BOT SAYS: [{'type': 'text', 'payload': {'text': "Hello. What's your name?"}, 'delay': 0}]
2017-05-05 15:47:17,263 - Main logger - 4df789ba-b515-494c-b7d9-c91faf3f6cb6 - INFO - USER SAYS: test
2017-05-05 15:47:17,306 - Main logger - 4df789ba-b515-494c-b7d9-c91faf3f6cb6 - INFO - BOT SAYS: [{'type': 'text', 'payload': {'text': 'sport'}, 'delay': 0}, {'type': 'text', 'payload': {'text': 'END'}, 'delay': 0}]
2017-05-05 15:47:17,310 - Main logger - 4df789ba-b515-494c-b7d9-c91faf3f6cb6 - INFO - ===== SESSION END =====
2017-05-05 15:50:00,477 - Main logger - b3696d27-de92-414a-8c96-6b7f0d0781e6 - INFO - BOT SAYS: [{'type': 'text', 'delay': 0, 'payload': {'text': "Hello. What's your name?"}}]
2017-05-05 15:50:03,454 - Main logger - b3696d27-de92-414a-8c96-6b7f0d0781e6 - INFO - USER SAYS: test
2017-05-05 15:50:03,491 - Main logger - b3696d27-de92-414a-8c96-6b7f0d0781e6 - INFO - BOT SAYS: [{'type': 'text', 'delay': 0, 'payload': {'text': 'weather'}}, {'type': 'text', 'delay': 0, 'payload': {'text': 'END'}}]
2017-05-05 15:50:03,494 - Main logger - b3696d27-de92-414a-8c96-6b7f0d0781e6 - INFO - ===== SESSION END =====
2017-05-05 15:51:01,543 - Main logger - 85f86a83-b611-41c5-8b80-242cf154a88f - INFO - BOT SAYS: [{'type': 'text', 'payload': {'text': "Hello. What's your name?"}, 'delay': 0}]
2017-05-05 15:51:04,238 - Main logger - 85f86a83-b611-41c5-8b80-242cf154a88f - INFO - USER SAYS: test
2017-05-05 15:51:04,275 - Main logger - 85f86a83-b611-41c5-8b80-242cf154a88f - INFO - BOT SAYS: [{'type': 'text', 'payload': {'text': 'weather'}, 'delay': 0}, {'type': 'text', 'payload': {'text': 'END'}, 'delay': 0}]
2017-05-05 15:51:04,277 - Main logger - 85f86a83-b611-41c5-8b80-242cf154a88f - INFO - ===== SESSION END =====
2017-05-05 15:51:25,432 - Main logger - 6902833a-8692-4909-929f-155f115f01d1 - INFO - BOT SAYS: [{'delay': 0, 'payload': {'text': "Hello. What's your name?"}, 'type': 'text'}]
2017-05-05 15:51:28,969 - Main logger - 6902833a-8692-4909-929f-155f115f01d1 - INFO - USER SAYS: test
2017-05-05 15:51:29,009 - Main logger - 6902833a-8692-4909-929f-155f115f01d1 - INFO - BOT SAYS: [{'delay': 0, 'payload': {'text': 'games'}, 'type': 'text'}, {'delay': 0, 'payload': {'text': 'END'}, 'type': 'text'}]
2017-05-05 15:51:29,011 - Main logger - 6902833a-8692-4909-929f-155f115f01d1 - INFO - ===== SESSION END =====
2017-05-05 15:55:30,500 - Main logger - ee72821e-6883-4ec0-9d4b-4e4384d7b0a6 - INFO - BOT SAYS: [{'type': 'text', 'delay': 0, 'payload': {'text': "Hello. What's your name?"}}]
2017-05-05 15:55:39,573 - Main logger - ee72821e-6883-4ec0-9d4b-4e4384d7b0a6 - INFO - USER SAYS: test
2017-05-05 15:55:39,618 - Main logger - ee72821e-6883-4ec0-9d4b-4e4384d7b0a6 - INFO - BOT SAYS: [{'type': 'text', 'delay': 0, 'payload': {'text': 'games'}}, {'type': 'text', 'delay': 0, 'payload': {'text': 'END'}}]
2017-05-05 15:55:39,620 - Main logger - ee72821e-6883-4ec0-9d4b-4e4384d7b0a6 - INFO - ===== SESSION END =====
2017-05-05 15:57:36,262 - Main logger - 3829bd1c-fd27-4f86-964e-a16a7173c1e7 - INFO - BOT SAYS: [{'type': 'text', 'delay': 0, 'payload': {'text': "Hello. What's your name?"}}]
2017-05-05 15:57:38,796 - Main logger - 3829bd1c-fd27-4f86-964e-a16a7173c1e7 - INFO - USER SAYS: test
2017-05-05 15:57:38,840 - Main logger - 3829bd1c-fd27-4f86-964e-a16a7173c1e7 - INFO - BOT SAYS: [{'type': 'text', 'delay': 0, 'payload': {'text': 'games'}}, {'type': 'text', 'delay': 0, 'payload': {'text': 'END'}}]
2017-05-05 15:57:38,842 - Main logger - 3829bd1c-fd27-4f86-964e-a16a7173c1e7 - INFO - ===== SESSION END =====
2017-05-05 15:58:04,059 - Main logger - f733f7fb-c94c-4ab2-b07d-d7d69eaccd0e - INFO - BOT SAYS: [{'delay': 0, 'payload': {'text': "Hello. What's your name?"}, 'type': 'text'}]
2017-05-05 15:58:06,227 - Main logger - f733f7fb-c94c-4ab2-b07d-d7d69eaccd0e - INFO - USER SAYS: test
2017-05-05 15:58:06,271 - Main logger - f733f7fb-c94c-4ab2-b07d-d7d69eaccd0e - INFO - BOT SAYS: [{'delay': 0, 'payload': {'text': 'games'}, 'type': 'text'}, {'delay': 0, 'payload': {'text': 'END'}, 'type': 'text'}]
2017-05-05 15:58:06,273 - Main logger - f733f7fb-c94c-4ab2-b07d-d7d69eaccd0e - INFO - ===== SESSION END =====
2017-05-05 15:58:53,673 - Main logger - 722f8917-e5b6-4a68-8191-91e122f5f5f5 - INFO - BOT SAYS: [{'delay': 0, 'type': 'text', 'payload': {'text': "Hello. What's your name?"}}]
2017-05-05 15:59:02,198 - Main logger - 722f8917-e5b6-4a68-8191-91e122f5f5f5 - INFO - USER SAYS: test
2017-05-05 15:59:02,242 - Main logger - 722f8917-e5b6-4a68-8191-91e122f5f5f5 - INFO - BOT SAYS: [{'delay': 0, 'type': 'text', 'payload': {'text': 'games'}}, {'delay': 0, 'type': 'text', 'payload': {'text': 'END'}}]
2017-05-05 15:59:02,244 - Main logger - 722f8917-e5b6-4a68-8191-91e122f5f5f5 - INFO - ===== SESSION END =====
2017-05-05 16:05:08,252 - Main logger - e69b540a-a0ec-49c6-bbf9-60725fa181e3 - INFO - BOT SAYS: [{'delay': 0, 'type': 'text', 'payload': {'text': "Hello. What's your name?"}}]
2017-05-05 16:05:25,596 - Main logger - e69b540a-a0ec-49c6-bbf9-60725fa181e3 - INFO - USER SAYS: tell me breaking news
2017-05-05 16:05:25,654 - Main logger - e69b540a-a0ec-49c6-bbf9-60725fa181e3 - INFO - BOT SAYS: [{'delay': 0, 'type': 'text', 'payload': {'text': 'breaking news'}}, {'delay': 0, 'type': 'text', 'payload': {'text': 'END'}}]
2017-05-05 16:05:25,655 - Main logger - e69b540a-a0ec-49c6-bbf9-60725fa181e3 - INFO - ===== SESSION END =====
2017-05-05 16:06:34,211 - Main logger - 72017ae7-a08f-454c-8bdc-735cdf984691 - INFO - BOT SAYS: [{'delay': 0, 'type': 'text', 'payload': {'text': 'What do you want to know?'}}]
2017-05-05 16:07:02,464 - Main logger - 72017ae7-a08f-454c-8bdc-735cdf984691 - INFO - USER SAYS: tell me world news
2017-05-05 16:07:02,537 - Main logger - 72017ae7-a08f-454c-8bdc-735cdf984691 - INFO - BOT SAYS: [{'delay': 0, 'type': 'text', 'payload': {'text': 'topic news'}}, {'delay': 0, 'type': 'text', 'payload': {'text': 'END'}}, {'delay': 0, 'type': 'text', 'payload': {'text': 'What do you want to know?'}}]
2017-05-05 16:07:40,877 - Main logger - 72017ae7-a08f-454c-8bdc-735cdf984691 - INFO - USER SAYS: read the article
2017-05-05 16:07:40,971 - Main logger - 72017ae7-a08f-454c-8bdc-735cdf984691 - INFO - BOT SAYS: [{'delay': 0, 'type': 'text', 'payload': {'text': 'read article'}}, {'delay': 0, 'type': 'text', 'payload': {'text': 'END'}}, {'delay': 0, 'type': 'text', 'payload': {'text': 'What do you want to know?'}}]
2017-05-05 16:07:44,265 - Main logger - 72017ae7-a08f-454c-8bdc-735cdf984691 - INFO - USER SAYS: tell me joke
2017-05-05 16:07:44,322 - Main logger - 72017ae7-a08f-454c-8bdc-735cdf984691 - INFO - BOT SAYS: [{'delay': 0, 'type': 'text', 'payload': {'text': 'joke'}}, {'delay': 0, 'type': 'text', 'payload': {'text': 'END'}}, {'delay': 0, 'type': 'text', 'payload': {'text': 'What do you want to know?'}}]
2017-05-05 16:08:07,722 - Main logger - 72017ae7-a08f-454c-8bdc-735cdf984691 - INFO - USER SAYS: tell me about sports
2017-05-05 16:08:07,781 - Main logger - 72017ae7-a08f-454c-8bdc-735cdf984691 - INFO - BOT SAYS: [{'delay': 0, 'type': 'text', 'payload': {'text': 'sports'}}, {'delay': 0, 'type': 'text', 'payload': {'text': 'END'}}, {'delay': 0, 'type': 'text', 'payload': {'text': 'What do you want to know?'}}]
2017-05-05 16:08:09,486 - Main logger - 72017ae7-a08f-454c-8bdc-735cdf984691 - INFO - USER SAYS: help
2017-05-05 16:08:09,554 - Main logger - 72017ae7-a08f-454c-8bdc-735cdf984691 - INFO - BOT SAYS: [{'delay': 0, 'type': 'text', 'payload': {'text': 'help'}}, {'delay': 0, 'type': 'text', 'payload': {'text': 'END'}}, {'delay': 0, 'type': 'text', 'payload': {'text': 'What do you want to know?'}}]
2017-05-05 16:11:54,420 - Main logger - 72017ae7-a08f-454c-8bdc-735cdf984691 - INFO - USER SAYS: news
2017-05-05 16:11:54,526 - Main logger - 72017ae7-a08f-454c-8bdc-735cdf984691 - INFO - BOT SAYS: [{'delay': 0, 'type': 'text', 'payload': {'text': 'breaking news'}}, {'delay': 0, 'type': 'text', 'payload': {'text': 'END'}}, {'delay': 0, 'type': 'text', 'payload': {'text': 'What do you want to know?'}}]
2017-05-05 16:11:56,707 - Main logger - 72017ae7-a08f-454c-8bdc-735cdf984691 - INFO - USER SAYS: sports
2017-05-05 16:11:56,789 - Main logger - 72017ae7-a08f-454c-8bdc-735cdf984691 - INFO - BOT SAYS: [{'delay': 0, 'type': 'text', 'payload': {'text': 'topic news'}}, {'delay': 0, 'type': 'text', 'payload': {'text': 'END'}}, {'delay': 0, 'type': 'text', 'payload': {'text': 'What do you want to know?'}}]
2017-05-05 16:12:03,972 - Main logger - 72017ae7-a08f-454c-8bdc-735cdf984691 - INFO - USER SAYS: joke
2017-05-05 16:12:04,037 - Main logger - 72017ae7-a08f-454c-8bdc-735cdf984691 - INFO - BOT SAYS: [{'delay': 0, 'type': 'text', 'payload': {'text': 'joke'}}, {'delay': 0, 'type': 'text', 'payload': {'text': 'END'}}, {'delay': 0, 'type': 'text', 'payload': {'text': 'What do you want to know?'}}]
2017-05-05 16:12:06,693 - Main logger - 72017ae7-a08f-454c-8bdc-735cdf984691 - INFO - USER SAYS: repeat
2017-05-05 16:12:06,740 - Main logger - 72017ae7-a08f-454c-8bdc-735cdf984691 - INFO - BOT SAYS: [{'delay': 0, 'type': 'text', 'payload': {'text': 'repeat'}}, {'delay': 0, 'type': 'text', 'payload': {'text': 'END'}}, {'delay': 0, 'type': 'text', 'payload': {'text': 'What do you want to know?'}}]
2017-05-05 16:12:09,953 - Main logger - 72017ae7-a08f-454c-8bdc-735cdf984691 - INFO - USER SAYS: help
2017-05-05 16:12:09,996 - Main logger - 72017ae7-a08f-454c-8bdc-735cdf984691 - INFO - BOT SAYS: [{'delay': 0, 'type': 'text', 'payload': {'text': 'help'}}, {'delay': 0, 'type': 'text', 'payload': {'text': 'END'}}, {'delay': 0, 'type': 'text', 'payload': {'text': 'What do you want to know?'}}]
2017-05-05 16:12:25,583 - Main logger - 72017ae7-a08f-454c-8bdc-735cdf984691 - INFO - USER SAYS: article
2017-05-05 16:12:25,636 - Main logger - 72017ae7-a08f-454c-8bdc-735cdf984691 - INFO - BOT SAYS: [{'delay': 0, 'type': 'text', 'payload': {'text': 'read article'}}, {'delay': 0, 'type': 'text', 'payload': {'text': 'END'}}, {'delay': 0, 'type': 'text', 'payload': {'text': 'What do you want to know?'}}]
2017-05-05 16:14:16,466 - Main logger - 72017ae7-a08f-454c-8bdc-735cdf984691 - INFO - USER SAYS: new
2017-05-05 16:14:16,544 - Main logger - 72017ae7-a08f-454c-8bdc-735cdf984691 - INFO - BOT SAYS: [{'delay': 0, 'type': 'text', 'payload': {'text': 'breaking news'}}, {'delay': 0, 'type': 'text', 'payload': {'text': 'END'}}, {'delay': 0, 'type': 'text', 'payload': {'text': 'What do you want to know?'}}]
2017-05-05 16:48:14,794 - Main logger - 72017ae7-a08f-454c-8bdc-735cdf984691 - INFO - USER SAYS: tell me about sports
2017-05-05 16:48:14,929 - Main logger - 72017ae7-a08f-454c-8bdc-735cdf984691 - INFO - BOT SAYS: [{'payload': {'text': 'sports'}, 'delay': 0, 'type': 'text'}, {'payload': {'text': 'END'}, 'delay': 0, 'type': 'text'}, {'payload': {'text': 'What do you want to know?'}, 'delay': 0, 'type': 'text'}]
2017-05-05 16:48:34,968 - Main logger - 72017ae7-a08f-454c-8bdc-735cdf984691 - INFO - USER SAYS: tell me neww
2017-05-05 16:48:35,026 - Main logger - 72017ae7-a08f-454c-8bdc-735cdf984691 - INFO - BOT SAYS: [{'payload': {'text': 'read article'}, 'delay': 0, 'type': 'text'}, {'payload': {'text': 'END'}, 'delay': 0, 'type': 'text'}, {'payload': {'text': 'What do you want to know?'}, 'delay': 0, 'type': 'text'}]
2017-05-05 16:48:51,451 - Main logger - 72017ae7-a08f-454c-8bdc-735cdf984691 - INFO - USER SAYS: i'd like to know something about news
2017-05-05 16:48:51,517 - Main logger - 72017ae7-a08f-454c-8bdc-735cdf984691 - INFO - BOT SAYS: [{'payload': {'text': 'sports'}, 'delay': 0, 'type': 'text'}, {'payload': {'text': 'END'}, 'delay': 0, 'type': 'text'}, {'payload': {'text': 'What do you want to know?'}, 'delay': 0, 'type': 'text'}]
2017-05-10 17:27:23,518 - Main logger - f627482a-db81-4bbe-b315-0567d790b131 - INFO - BOT SAYS: [{'type': 'text', 'delay': 0, 'payload': {'text': 'Hello!'}}, {'type': 'text', 'delay': 0, 'payload': {'text': 'test'}}, {'type': 'text', 'delay': 0, 'payload': {'text': 'What would you like to practice?'}}, {'type': 'button', 'delay': 0, 'payload': OrderedDict([('label', 'sums'), ('next_state', 'sums'), ('type', 'something')])}, {'type': 'button', 'delay': 0, 'payload': OrderedDict([('label', 'substraction'), ('next_state', 'substraction'), ('type', 'something')])}]
2017-05-10 17:27:25,188 - Main logger - f627482a-db81-4bbe-b315-0567d790b131 - INFO - BOT SAYS: [{'type': 'text', 'delay': 0, 'payload': {'text': 'How many questions?'}}, {'type': 'slider', 'delay': 0, 'payload': {'tooltips': True, 'tooltips_prefix': '', 'max_value': 50, 'min_value': 1, 'step': 1, 'entities': ['maxcount'], 'default_values': [0], 'tooltips_postfix': '', 'tooltips_decimals': 0, 'connect': True}}]
2017-05-10 17:27:27,582 - Main logger - f627482a-db81-4bbe-b315-0567d790b131 - INFO - BOT SAYS: [{'type': 'text', 'delay': 0, 'payload': {'text': '#1: 4 + 38 = ?'}}]
2017-05-10 17:27:31,862 - Main logger - f627482a-db81-4bbe-b315-0567d790b131 - INFO - USER SAYS: 42
2017-05-10 17:28:53,912 - Main logger - 8a40e9ef-5148-4e2f-9cea-bdb1789b9349 - INFO - BOT SAYS: [{'delay': 0, 'payload': {'text': 'Hello!'}, 'type': 'text'}, {'delay': 0, 'payload': {'text': 'test'}, 'type': 'text'}, {'delay': 0, 'payload': {'text': 'What would you like to practice?'}, 'type': 'text'}, {'delay': 0, 'payload': OrderedDict([('label', 'sums'), ('next_state', 'sums'), ('type', 'something')]), 'type': 'button'}, {'delay': 0, 'payload': OrderedDict([('label', 'substraction'), ('next_state', 'substraction'), ('type', 'something')]), 'type': 'button'}]
2017-05-10 17:28:55,553 - Main logger - 8a40e9ef-5148-4e2f-9cea-bdb1789b9349 - INFO - BOT SAYS: [{'delay': 0, 'payload': {'text': 'How many questions?'}, 'type': 'text'}, {'delay': 0, 'payload': {'tooltips_postfix': '', 'tooltips_decimals': 0, 'max_value': 50, 'min_value': 1, 'tooltips': True, 'default_values': [0], 'entities': ['maxcount'], 'tooltips_prefix': '', 'connect': True, 'step': 1}, 'type': 'slider'}]
2017-05-10 17:28:57,411 - Main logger - 8a40e9ef-5148-4e2f-9cea-bdb1789b9349 - INFO - BOT SAYS: [{'delay': 0, 'payload': {'text': '#1: 74 + 84 = ?'}, 'type': 'text'}]
2017-05-10 17:29:02,948 - Main logger - 8a40e9ef-5148-4e2f-9cea-bdb1789b9349 - INFO - USER SAYS: 158
2017-05-10 17:29:03,191 - Main logger - 8a40e9ef-5148-4e2f-9cea-bdb1789b9349 - INFO - BOT SAYS: [{'delay': 0, 'payload': {'text': "Great! That's right!"}, 'type': 'text'}, {'delay': 0, 'payload': {'text': 'Do you want to keep on practicing?'}, 'type': 'text'}, {'delay': 0, 'payload': OrderedDict([('label', 'Yes'), ('next_state', 'welcome_question'), ('type', '')]), 'type': 'button'}, {'delay': 0, 'payload': OrderedDict([('label', 'No'), ('next_state', 'end'), ('type', '')]), 'type': 'button'}]
2017-05-10 17:29:05,151 - Main logger - 8a40e9ef-5148-4e2f-9cea-bdb1789b9349 - INFO - BOT SAYS: [{'delay': 0, 'payload': {'text': 'What would you like to practice?'}, 'type': 'text'}, {'delay': 0, 'payload': OrderedDict([('label', 'sums'), ('next_state', 'sums'), ('type', 'something')]), 'type': 'button'}, {'delay': 0, 'payload': OrderedDict([('label', 'substraction'), ('next_state', 'substraction'), ('type', 'something')]), 'type': 'button'}]
2017-05-10 17:29:06,748 - Main logger - 8a40e9ef-5148-4e2f-9cea-bdb1789b9349 - INFO - BOT SAYS: [{'delay': 0, 'payload': {'text': 'How many questions?'}, 'type': 'text'}, {'delay': 0, 'payload': {'tooltips_postfix': '', 'tooltips_decimals': 0, 'max_value': 50, 'min_value': 1, 'tooltips': True, 'default_values': [0], 'entities': ['maxcount'], 'tooltips_prefix': '', 'connect': True, 'step': 1}, 'type': 'slider'}]
2017-05-10 17:29:09,792 - Main logger - 8a40e9ef-5148-4e2f-9cea-bdb1789b9349 - INFO - BOT SAYS: [{'delay': 0, 'payload': {'text': '#2: 31 - 13 = ?'}, 'type': 'text'}]
2017-05-10 17:29:10,919 - Main logger - 8a40e9ef-5148-4e2f-9cea-bdb1789b9349 - INFO - BOT SAYS: [{'delay': 0, 'payload': {'text': 'That is a wrong answer. The correct answer was 18.'}, 'type': 'text'}, {'delay': 0, 'payload': {'text': '#3: 79 - 54 = ?'}, 'type': 'text'}]
2017-05-10 17:29:11,660 - Main logger - 8a40e9ef-5148-4e2f-9cea-bdb1789b9349 - INFO - BOT SAYS: [{'delay': 0, 'payload': {'text': 'That is a wrong answer. The correct answer was 25.'}, 'type': 'text'}, {'delay': 0, 'payload': {'text': '#4: 5 - 5 = ?'}, 'type': 'text'}]
2017-05-10 17:29:12,243 - Main logger - 8a40e9ef-5148-4e2f-9cea-bdb1789b9349 - INFO - BOT SAYS: [{'delay': 0, 'payload': {'text': 'That is a wrong answer. The correct answer was 0.'}, 'type': 'text'}, {'delay': 0, 'payload': {'text': '#5: 94 - 92 = ?'}, 'type': 'text'}]
2017-05-10 17:29:12,808 - Main logger - 8a40e9ef-5148-4e2f-9cea-bdb1789b9349 - INFO - BOT SAYS: [{'delay': 0, 'payload': {'text': 'That is a wrong answer. The correct answer was 2.'}, 'type': 'text'}, {'delay': 0, 'payload': {'text': 'Do you want to keep on practicing?'}, 'type': 'text'}, {'delay': 0, 'payload': OrderedDict([('label', 'Yes'), ('next_state', 'welcome_question'), ('type', '')]), 'type': 'button'}, {'delay': 0, 'payload': OrderedDict([('label', 'No'), ('next_state', 'end'), ('type', '')]), 'type': 'button'}]
2017-05-10 17:29:13,284 - Main logger - 8a40e9ef-5148-4e2f-9cea-bdb1789b9349 - INFO - BOT SAYS: [{'delay': 0, 'payload': {'text': 'Goodbye.'}, 'type': 'text'}]
2017-05-10 17:29:13,286 - Main logger - 8a40e9ef-5148-4e2f-9cea-bdb1789b9349 - INFO - ===== SESSION END =====
2017-05-10 19:18:10,951 - Main logger - 0a99ee8f-db44-4b99-b022-392c50977ea8 - INFO - BOT SAYS: [{'payload': {'text': 'Hrajeme hru Mesta, mate napsat existujici mesto, ktere se zacina stejnym pismenem, kterym konci posledni napsane.'}, 'type': 'text', 'delay': 0}, {'payload': {'text': 'Tak prvni mesto je Praha, mate zacit "A"'}, 'type': 'text', 'delay': 0}]
2017-05-10 19:18:36,447 - Main logger - 0a99ee8f-db44-4b99-b022-392c50977ea8 - INFO - USER SAYS: as
2017-05-10 19:58:26,432 - Main logger - 5499a3a9-9d23-4ecf-a77f-2a1420b1a968 - INFO - BOT SAYS: [{'payload': {'text': 'Hrajeme hru Mesta, mas napsat existujici mesto, ktere se zacina stejnym pismenem, kterym konci posledni napsane.'}, 'delay': 0, 'type': 'text'}, {'payload': {'text': 'Chces hrat nebo naucit bota mestam? '}, 'delay': 0, 'type': 'text'}, {'payload': OrderedDict([('label', 'Hrat'), ('next_state', 'state1'), ('type', 'Main')]), 'delay': 0, 'type': 'button'}, {'payload': OrderedDict([('label', 'Naucit'), ('next_state', 'teach_bot'), ('type', 'Main')]), 'delay': 0, 'type': 'button'}]
2017-05-10 19:58:31,031 - Main logger - 5499a3a9-9d23-4ecf-a77f-2a1420b1a968 - INFO - BOT SAYS: [{'payload': {'text': 'Chces kontrolu tvych mest? '}, 'delay': 0, 'type': 'text'}, {'payload': OrderedDict([('label', 'Ano'), ('next_state', 'ano_state'), ('type', 'Main')]), 'delay': 0, 'type': 'button'}, {'payload': OrderedDict([('label', 'Ne'), ('next_state', 'ne_state'), ('type', 'Main')]), 'delay': 0, 'type': 'button'}]
2017-05-10 19:58:33,164 - Main logger - 5499a3a9-9d23-4ecf-a77f-2a1420b1a968 - INFO - BOT SAYS: [{'payload': {'text': 'Tak prvni mesto je Praha, mas zacit "A"'}, 'delay': 0, 'type': 'text'}]
2017-05-10 19:58:37,467 - Main logger - 5499a3a9-9d23-4ecf-a77f-2a1420b1a968 - INFO - USER SAYS: as
2017-05-10 19:58:37,514 - Main logger - 5499a3a9-9d23-4ecf-a77f-2a1420b1a968 - INFO - BOT SAYS: [{'payload': {'text': 'Fuj, takove hlavne mesto neexistuje, zkus jeste jednou.'}, 'delay': 0, 'type': 'text'}]
2017-05-10 19:58:53,741 - Main logger - 5499a3a9-9d23-4ecf-a77f-2a1420b1a968 - INFO - USER SAYS: antalya
2017-05-10 19:58:53,784 - Main logger - 5499a3a9-9d23-4ecf-a77f-2a1420b1a968 - INFO - BOT SAYS: [{'payload': {'text': 'Fuj, takove hlavne mesto neexistuje, zkus jeste jednou.'}, 'delay': 0, 'type': 'text'}]
2017-05-10 19:58:58,555 - Main logger - 5499a3a9-9d23-4ecf-a77f-2a1420b1a968 - INFO - USER SAYS: antalia
2017-05-10 19:58:58,617 - Main logger - 5499a3a9-9d23-4ecf-a77f-2a1420b1a968 - INFO - BOT SAYS: [{'payload': {'text': 'Fuj, takove hlavne mesto neexistuje, zkus jeste jednou.'}, 'delay': 0, 'type': 'text'}]
2017-05-10 19:59:02,915 - Main logger - 5499a3a9-9d23-4ecf-a77f-2a1420b1a968 - INFO - USER SAYS: atheny
2017-05-10 19:59:02,946 - Main logger - 5499a3a9-9d23-4ecf-a77f-2a1420b1a968 - INFO - BOT SAYS: [{'payload': {'text': 'Fuj, takove hlavne mesto neexistuje, zkus jeste jednou.'}, 'delay': 0, 'type': 'text'}]
2017-05-10 19:59:05,049 - Main logger - 5499a3a9-9d23-4ecf-a77f-2a1420b1a968 - INFO - USER SAYS: athens
2017-05-10 19:59:05,113 - Main logger - 5499a3a9-9d23-4ecf-a77f-2a1420b1a968 - INFO - BOT SAYS: [{'payload': {'text': 'Parada! Pisu dalsi mesto.'}, 'delay': 0, 'type': 'text'}, {'payload': {'text': 'Dalsi mesto je Seoul, je to hlavni mesto statu South Korea '}, 'delay': 0, 'type': 'text'}, {'payload': {'text': 'Mas napsat mesto, zacinajici "L" '}, 'delay': 0, 'type': 'text'}]
2017-05-10 19:59:17,871 - Main logger - 5499a3a9-9d23-4ecf-a77f-2a1420b1a968 - INFO - USER SAYS: Los Angeles
2017-05-10 19:59:17,924 - Main logger - 5499a3a9-9d23-4ecf-a77f-2a1420b1a968 - INFO - BOT SAYS: [{'payload': {'text': 'Fuj, takove hlavne mesto neexistuje, zkus jeste jednou.'}, 'delay': 0, 'type': 'text'}]
2017-05-10 19:59:30,069 - Main logger - 5499a3a9-9d23-4ecf-a77f-2a1420b1a968 - INFO - USER SAYS: London
2017-05-10 19:59:30,221 - Main logger - 5499a3a9-9d23-4ecf-a77f-2a1420b1a968 - INFO - BOT SAYS: [{'payload': {'text': 'Parada! Pisu dalsi mesto.'}, 'delay': 0, 'type': 'text'}, {'payload': {'text': 'Dalsi mesto je Nicosia, je to hlavni mesto statu Cyprus '}, 'delay': 0, 'type': 'text'}, {'payload': {'text': 'Mas napsat mesto, zacinajici "A" '}, 'delay': 0, 'type': 'text'}]
2017-05-10 20:00:00,099 - Main logger - 5499a3a9-9d23-4ecf-a77f-2a1420b1a968 - INFO - RESET
2017-05-10 20:00:00,107 - Main logger - 5499a3a9-9d23-4ecf-a77f-2a1420b1a968 - INFO - GOTO: init
2017-05-10 20:00:00,184 - Main logger - 5499a3a9-9d23-4ecf-a77f-2a1420b1a968 - INFO - BOT SAYS: [{'payload': {'text': 'Hrajeme hru Mesta, mas napsat existujici mesto, ktere se zacina stejnym pismenem, kterym konci posledni napsane.'}, 'delay': 0, 'type': 'text'}, {'payload': {'text': 'Chces hrat nebo naucit bota mestam? '}, 'delay': 0, 'type': 'text'}, {'payload': OrderedDict([('label', 'Hrat'), ('next_state', 'state1'), ('type', 'Main')]), 'delay': 0, 'type': 'button'}, {'payload': OrderedDict([('label', 'Naucit'), ('next_state', 'teach_bot'), ('type', 'Main')]), 'delay': 0, 'type': 'button'}]
2017-05-10 20:00:02,246 - Main logger - 5499a3a9-9d23-4ecf-a77f-2a1420b1a968 - INFO - BOT SAYS: [{'payload': {'text': 'Pro dalsi postup musite napsat heslo.'}, 'delay': 0, 'type': 'text'}]
2017-05-10 20:00:08,396 - Main logger - 5499a3a9-9d23-4ecf-a77f-2a1420b1a968 - INFO - USER SAYS: test
2017-05-10 20:00:08,464 - Main logger - 5499a3a9-9d23-4ecf-a77f-2a1420b1a968 - INFO - BOT SAYS: [{'payload': {'text': 'Bohuzel, to neni spravne heslo...vracim se na zacatek... '}, 'delay': 0, 'type': 'text'}, {'payload': {'text': 'Hrajeme hru Mesta, mas napsat existujici mesto, ktere se zacina stejnym pismenem, kterym konci posledni napsane.'}, 'delay': 0, 'type': 'text'}, {'payload': {'text': 'Chces hrat nebo naucit bota mestam? '}, 'delay': 0, 'type': 'text'}, {'payload': OrderedDict([('label', 'Hrat'), ('next_state', 'state1'), ('type', 'Main')]), 'delay': 0, 'type': 'button'}, {'payload': OrderedDict([('label', 'Naucit'), ('next_state', 'teach_bot'), ('type', 'Main')]), 'delay': 0, 'type': 'button'}]
