2017-05-10 17:29:12,808 - Main logger - 8a40e9ef-5148-4e2f-9cea-bdb1789b9349 - INFO - BOT SAYS: [{'delay': 0, 'payload': {'text': 'That is a wrong answer. The correct answer was 2.'}, 'type': 'text'}, {'delay': 0, 'payload': {'text': 'Do you want to keep on practicing?'}, 'type': 'text'}, {'delay': 0, 'payload': OrderedDict([('label', 'Yes'), ('next_state', 'welcome_question'), ('type', '')]), 'type': 'button'}, {'delay': 0, 'payload': OrderedDict([('label', 'No'), ('next_state', 'end'), ('type', '')]), 'type': 'button'}]
2017-05-10 17:29:13,284 - Main logger - 8a40e9ef-5148-4e2f-9cea-bdb1789b9349 - INFO - BOT SAYS: [{'delay': 0, 'payload': {'text': 'Goodbye.'}, 'type': 'text'}]
2017-05-10 17:29:13,286 - Main logger - 8a40e9ef-5148-4e2f-9cea-bdb1789b9349 - INFO - ===== SESSION END =====
2017-05-10 19:18:10,951 - Main logger - 0a99ee8f-db44-4b99-b022-392c50977ea8 - INFO - BOT SAYS: [{'payload': {'text': 'Hrajeme hru Mesta, mate napsat existujici mesto, ktere se zacina stejnym pismenem, kterym konci posledni napsane.'}, 'type': 'text', 'delay': 0}, {'payload': {'text': 'Tak prvni mesto je Praha, mate zacit "A"'}, 'type': 'text', 'delay': 0}]
2017-05-10 19:18:36,447 - Main logger - 0a99ee8f-db44-4b99-b022-392c50977ea8 - INFO - USER SAYS: as
2017-05-10 19:58:26,432 - Main logger - 5499a3a9-9d23-4ecf-a77f-2a1420b1a968 - INFO - BOT SAYS: [{'payload': {'text': 'Hrajeme hru Mesta, mas napsat existujici mesto, ktere se zacina stejnym pismenem, kterym konci posledni napsane.'}, 'delay': 0, 'type': 'text'}, {'payload': {'text': 'Chces hrat nebo naucit bota mestam? '}, 'delay': 0, 'type': 'text'}, {'payload': OrderedDict([('label', 'Hrat'), ('next_state', 'state1'), ('type', 'Main')]), 'delay': 0, 'type': 'button'}, {'payload': OrderedDict([('label', 'Naucit'), ('next_state', 'teach_bot'), ('type', 'Main')]), 'delay': 0, 'type': 'button'}]
2017-05-10 19:58:31,031 - Main logger - 5499a3a9-9d23-4ecf-a77f-2a1420b1a968 - INFO - BOT SAYS: [{'payload': {'text': 'Chces kontrolu tvych mest? '}, 'delay': 0, 'type': 'text'}, {'payload': OrderedDict([('label', 'Ano'), ('next_state', 'ano_state'), ('type', 'Main')]), 'delay': 0, 'type': 'button'}, {'payload': OrderedDict([('label', 'Ne'), ('next_state', 'ne_state'), ('type', 'Main')]), 'delay': 0, 'type': 'button'}]
2017-05-10 19:58:33,164 - Main logger - 5499a3a9-9d23-4ecf-a77f-2a1420b1a968 - INFO - BOT SAYS: [{'payload': {'text': 'Tak prvni mesto je Praha, mas zacit "A"'}, 'delay': 0, 'type': 'text'}]
2017-05-10 19:58:37,467 - Main logger - 5499a3a9-9d23-4ecf-a77f-2a1420b1a968 - INFO - USER SAYS: as
2017-05-10 19:58:37,514 - Main logger - 5499a3a9-9d23-4ecf-a77f-2a1420b1a968 - INFO - BOT SAYS: [{'payload': {'text': 'Fuj, takove hlavne mesto neexistuje, zkus jeste jednou.'}, 'delay': 0, 'type': 'text'}]
2017-05-10 19:58:53,741 - Main logger - 5499a3a9-9d23-4ecf-a77f-2a1420b1a968 - INFO - USER SAYS: antalya
2017-05-10 19:58:53,784 - Main logger - 5499a3a9-9d23-4ecf-a77f-2a1420b1a968 - INFO - BOT SAYS: [{'payload': {'text': 'Fuj, takove hlavne mesto neexistuje, zkus jeste jednou.'}, 'delay': 0, 'type': 'text'}]
2017-05-10 19:58:58,555 - Main logger - 5499a3a9-9d23-4ecf-a77f-2a1420b1a968 - INFO - USER SAYS: antalia
2017-05-10 19:58:58,617 - Main logger - 5499a3a9-9d23-4ecf-a77f-2a1420b1a968 - INFO - BOT SAYS: [{'payload': {'text': 'Fuj, takove hlavne mesto neexistuje, zkus jeste jednou.'}, 'delay': 0, 'type': 'text'}]
2017-05-10 19:59:02,915 - Main logger - 5499a3a9-9d23-4ecf-a77f-2a1420b1a968 - INFO - USER SAYS: atheny
2017-05-10 19:59:02,946 - Main logger - 5499a3a9-9d23-4ecf-a77f-2a1420b1a968 - INFO - BOT SAYS: [{'payload': {'text': 'Fuj, takove hlavne mesto neexistuje, zkus jeste jednou.'}, 'delay': 0, 'type': 'text'}]
2017-05-10 19:59:05,049 - Main logger - 5499a3a9-9d23-4ecf-a77f-2a1420b1a968 - INFO - USER SAYS: athens
2017-05-10 19:59:05,113 - Main logger - 5499a3a9-9d23-4ecf-a77f-2a1420b1a968 - INFO - BOT SAYS: [{'payload': {'text': 'Parada! Pisu dalsi mesto.'}, 'delay': 0, 'type': 'text'}, {'payload': {'text': 'Dalsi mesto je Seoul, je to hlavni mesto statu South Korea '}, 'delay': 0, 'type': 'text'}, {'payload': {'text': 'Mas napsat mesto, zacinajici "L" '}, 'delay': 0, 'type': 'text'}]
2017-05-10 19:59:17,871 - Main logger - 5499a3a9-9d23-4ecf-a77f-2a1420b1a968 - INFO - USER SAYS: Los Angeles
2017-05-10 19:59:17,924 - Main logger - 5499a3a9-9d23-4ecf-a77f-2a1420b1a968 - INFO - BOT SAYS: [{'payload': {'text': 'Fuj, takove hlavne mesto neexistuje, zkus jeste jednou.'}, 'delay': 0, 'type': 'text'}]
2017-05-10 19:59:30,069 - Main logger - 5499a3a9-9d23-4ecf-a77f-2a1420b1a968 - INFO - USER SAYS: London
2017-05-10 19:59:30,221 - Main logger - 5499a3a9-9d23-4ecf-a77f-2a1420b1a968 - INFO - BOT SAYS: [{'payload': {'text': 'Parada! Pisu dalsi mesto.'}, 'delay': 0, 'type': 'text'}, {'payload': {'text': 'Dalsi mesto je Nicosia, je to hlavni mesto statu Cyprus '}, 'delay': 0, 'type': 'text'}, {'payload': {'text': 'Mas napsat mesto, zacinajici "A" '}, 'delay': 0, 'type': 'text'}]
2017-05-10 20:00:00,099 - Main logger - 5499a3a9-9d23-4ecf-a77f-2a1420b1a968 - INFO - RESET
2017-05-10 20:00:00,107 - Main logger - 5499a3a9-9d23-4ecf-a77f-2a1420b1a968 - INFO - GOTO: init
2017-05-10 20:00:00,184 - Main logger - 5499a3a9-9d23-4ecf-a77f-2a1420b1a968 - INFO - BOT SAYS: [{'payload': {'text': 'Hrajeme hru Mesta, mas napsat existujici mesto, ktere se zacina stejnym pismenem, kterym konci posledni napsane.'}, 'delay': 0, 'type': 'text'}, {'payload': {'text': 'Chces hrat nebo naucit bota mestam? '}, 'delay': 0, 'type': 'text'}, {'payload': OrderedDict([('label', 'Hrat'), ('next_state', 'state1'), ('type', 'Main')]), 'delay': 0, 'type': 'button'}, {'payload': OrderedDict([('label', 'Naucit'), ('next_state', 'teach_bot'), ('type', 'Main')]), 'delay': 0, 'type': 'button'}]
2017-05-10 20:00:02,246 - Main logger - 5499a3a9-9d23-4ecf-a77f-2a1420b1a968 - INFO - BOT SAYS: [{'payload': {'text': 'Pro dalsi postup musite napsat heslo.'}, 'delay': 0, 'type': 'text'}]
2017-05-10 20:00:08,396 - Main logger - 5499a3a9-9d23-4ecf-a77f-2a1420b1a968 - INFO - USER SAYS: test
2017-05-10 20:00:08,464 - Main logger - 5499a3a9-9d23-4ecf-a77f-2a1420b1a968 - INFO - BOT SAYS: [{'payload': {'text': 'Bohuzel, to neni spravne heslo...vracim se na zacatek... '}, 'delay': 0, 'type': 'text'}, {'payload': {'text': 'Hrajeme hru Mesta, mas napsat existujici mesto, ktere se zacina stejnym pismenem, kterym konci posledni napsane.'}, 'delay': 0, 'type': 'text'}, {'payload': {'text': 'Chces hrat nebo naucit bota mestam? '}, 'delay': 0, 'type': 'text'}, {'payload': OrderedDict([('label', 'Hrat'), ('next_state', 'state1'), ('type', 'Main')]), 'delay': 0, 'type': 'button'}, {'payload': OrderedDict([('label', 'Naucit'), ('next_state', 'teach_bot'), ('type', 'Main')]), 'delay': 0, 'type': 'button'}]
