2017-05-05 16:07:02,537 - Main logger - 72017ae7-a08f-454c-8bdc-735cdf984691 - INFO - BOT SAYS: [{'delay': 0, 'type': 'text', 'payload': {'text': 'topic news'}}, {'delay': 0, 'type': 'text', 'payload': {'text': 'END'}}, {'delay': 0, 'type': 'text', 'payload': {'text': 'What do you want to know?'}}]
2017-05-05 16:07:40,877 - Main logger - 72017ae7-a08f-454c-8bdc-735cdf984691 - INFO - USER SAYS: read the article
2017-05-05 16:07:40,971 - Main logger - 72017ae7-a08f-454c-8bdc-735cdf984691 - INFO - BOT SAYS: [{'delay': 0, 'type': 'text', 'payload': {'text': 'read article'}}, {'delay': 0, 'type': 'text', 'payload': {'text': 'END'}}, {'delay': 0, 'type': 'text', 'payload': {'text': 'What do you want to know?'}}]
2017-05-05 16:07:44,265 - Main logger - 72017ae7-a08f-454c-8bdc-735cdf984691 - INFO - USER SAYS: tell me joke
2017-05-05 16:07:44,322 - Main logger - 72017ae7-a08f-454c-8bdc-735cdf984691 - INFO - BOT SAYS: [{'delay': 0, 'type': 'text', 'payload': {'text': 'joke'}}, {'delay': 0, 'type': 'text', 'payload': {'text': 'END'}}, {'delay': 0, 'type': 'text', 'payload': {'text': 'What do you want to know?'}}]
2017-05-05 16:08:07,722 - Main logger - 72017ae7-a08f-454c-8bdc-735cdf984691 - INFO - USER SAYS: tell me about sports
2017-05-05 16:08:07,781 - Main logger - 72017ae7-a08f-454c-8bdc-735cdf984691 - INFO - BOT SAYS: [{'delay': 0, 'type': 'text', 'payload': {'text': 'sports'}}, {'delay': 0, 'type': 'text', 'payload': {'text': 'END'}}, {'delay': 0, 'type': 'text', 'payload': {'text': 'What do you want to know?'}}]
2017-05-05 16:08:09,486 - Main logger - 72017ae7-a08f-454c-8bdc-735cdf984691 - INFO - USER SAYS: help
2017-05-05 16:08:09,554 - Main logger - 72017ae7-a08f-454c-8bdc-735cdf984691 - INFO - BOT SAYS: [{'delay': 0, 'type': 'text', 'payload': {'text': 'help'}}, {'delay': 0, 'type': 'text', 'payload': {'text': 'END'}}, {'delay': 0, 'type': 'text', 'payload': {'text': 'What do you want to know?'}}]
2017-05-05 16:11:54,420 - Main logger - 72017ae7-a08f-454c-8bdc-735cdf984691 - INFO - USER SAYS: news
2017-05-05 16:11:54,526 - Main logger - 72017ae7-a08f-454c-8bdc-735cdf984691 - INFO - BOT SAYS: [{'delay': 0, 'type': 'text', 'payload': {'text': 'breaking news'}}, {'delay': 0, 'type': 'text', 'payload': {'text': 'END'}}, {'delay': 0, 'type': 'text', 'payload': {'text': 'What do you want to know?'}}]
2017-05-05 16:11:56,707 - Main logger - 72017ae7-a08f-454c-8bdc-735cdf984691 - INFO - USER SAYS: sports
2017-05-05 16:11:56,789 - Main logger - 72017ae7-a08f-454c-8bdc-735cdf984691 - INFO - BOT SAYS: [{'delay': 0, 'type': 'text', 'payload': {'text': 'topic news'}}, {'delay': 0, 'type': 'text', 'payload': {'text': 'END'}}, {'delay': 0, 'type': 'text', 'payload': {'text': 'What do you want to know?'}}]
2017-05-05 16:12:03,972 - Main logger - 72017ae7-a08f-454c-8bdc-735cdf984691 - INFO - USER SAYS: joke
2017-05-05 16:12:04,037 - Main logger - 72017ae7-a08f-454c-8bdc-735cdf984691 - INFO - BOT SAYS: [{'delay': 0, 'type': 'text', 'payload': {'text': 'joke'}}, {'delay': 0, 'type': 'text', 'payload': {'text': 'END'}}, {'delay': 0, 'type': 'text', 'payload': {'text': 'What do you want to know?'}}]
2017-05-05 16:12:06,693 - Main logger - 72017ae7-a08f-454c-8bdc-735cdf984691 - INFO - USER SAYS: repeat
2017-05-05 16:12:06,740 - Main logger - 72017ae7-a08f-454c-8bdc-735cdf984691 - INFO - BOT SAYS: [{'delay': 0, 'type': 'text', 'payload': {'text': 'repeat'}}, {'delay': 0, 'type': 'text', 'payload': {'text': 'END'}}, {'delay': 0, 'type': 'text', 'payload': {'text': 'What do you want to know?'}}]
2017-05-05 16:12:09,953 - Main logger - 72017ae7-a08f-454c-8bdc-735cdf984691 - INFO - USER SAYS: help
2017-05-05 16:12:09,996 - Main logger - 72017ae7-a08f-454c-8bdc-735cdf984691 - INFO - BOT SAYS: [{'delay': 0, 'type': 'text', 'payload': {'text': 'help'}}, {'delay': 0, 'type': 'text', 'payload': {'text': 'END'}}, {'delay': 0, 'type': 'text', 'payload': {'text': 'What do you want to know?'}}]
2017-05-05 16:12:25,583 - Main logger - 72017ae7-a08f-454c-8bdc-735cdf984691 - INFO - USER SAYS: article
2017-05-05 16:12:25,636 - Main logger - 72017ae7-a08f-454c-8bdc-735cdf984691 - INFO - BOT SAYS: [{'delay': 0, 'type': 'text', 'payload': {'text': 'read article'}}, {'delay': 0, 'type': 'text', 'payload': {'text': 'END'}}, {'delay': 0, 'type': 'text', 'payload': {'text': 'What do you want to know?'}}]
2017-05-05 16:14:16,466 - Main logger - 72017ae7-a08f-454c-8bdc-735cdf984691 - INFO - USER SAYS: new
2017-05-05 16:14:16,544 - Main logger - 72017ae7-a08f-454c-8bdc-735cdf984691 - INFO - BOT SAYS: [{'delay': 0, 'type': 'text', 'payload': {'text': 'breaking news'}}, {'delay': 0, 'type': 'text', 'payload': {'text': 'END'}}, {'delay': 0, 'type': 'text', 'payload': {'text': 'What do you want to know?'}}]
2017-05-05 16:48:14,794 - Main logger - 72017ae7-a08f-454c-8bdc-735cdf984691 - INFO - USER SAYS: tell me about sports
2017-05-05 16:48:14,929 - Main logger - 72017ae7-a08f-454c-8bdc-735cdf984691 - INFO - BOT SAYS: [{'payload': {'text': 'sports'}, 'delay': 0, 'type': 'text'}, {'payload': {'text': 'END'}, 'delay': 0, 'type': 'text'}, {'payload': {'text': 'What do you want to know?'}, 'delay': 0, 'type': 'text'}]
2017-05-05 16:48:34,968 - Main logger - 72017ae7-a08f-454c-8bdc-735cdf984691 - INFO - USER SAYS: tell me neww
2017-05-05 16:48:35,026 - Main logger - 72017ae7-a08f-454c-8bdc-735cdf984691 - INFO - BOT SAYS: [{'payload': {'text': 'read article'}, 'delay': 0, 'type': 'text'}, {'payload': {'text': 'END'}, 'delay': 0, 'type': 'text'}, {'payload': {'text': 'What do you want to know?'}, 'delay': 0, 'type': 'text'}]
2017-05-05 16:48:51,451 - Main logger - 72017ae7-a08f-454c-8bdc-735cdf984691 - INFO - USER SAYS: i'd like to know something about news
2017-05-05 16:48:51,517 - Main logger - 72017ae7-a08f-454c-8bdc-735cdf984691 - INFO - BOT SAYS: [{'payload': {'text': 'sports'}, 'delay': 0, 'type': 'text'}, {'payload': {'text': 'END'}, 'delay': 0, 'type': 'text'}, {'payload': {'text': 'What do you want to know?'}, 'delay': 0, 'type': 'text'}]
2017-05-10 17:27:23,518 - Main logger - f627482a-db81-4bbe-b315-0567d790b131 - INFO - BOT SAYS: [{'type': 'text', 'delay': 0, 'payload': {'text': 'Hello!'}}, {'type': 'text', 'delay': 0, 'payload': {'text': 'test'}}, {'type': 'text', 'delay': 0, 'payload': {'text': 'What would you like to practice?'}}, {'type': 'button', 'delay': 0, 'payload': OrderedDict([('label', 'sums'), ('next_state', 'sums'), ('type', 'something')])}, {'type': 'button', 'delay': 0, 'payload': OrderedDict([('label', 'substraction'), ('next_state', 'substraction'), ('type', 'something')])}]
2017-05-10 17:27:25,188 - Main logger - f627482a-db81-4bbe-b315-0567d790b131 - INFO - BOT SAYS: [{'type': 'text', 'delay': 0, 'payload': {'text': 'How many questions?'}}, {'type': 'slider', 'delay': 0, 'payload': {'tooltips': True, 'tooltips_prefix': '', 'max_value': 50, 'min_value': 1, 'step': 1, 'entities': ['maxcount'], 'default_values': [0], 'tooltips_postfix': '', 'tooltips_decimals': 0, 'connect': True}}]
2017-05-10 17:27:27,582 - Main logger - f627482a-db81-4bbe-b315-0567d790b131 - INFO - BOT SAYS: [{'type': 'text', 'delay': 0, 'payload': {'text': '#1: 4 + 38 = ?'}}]
2017-05-10 17:27:31,862 - Main logger - f627482a-db81-4bbe-b315-0567d790b131 - INFO - USER SAYS: 42
2017-05-10 17:28:53,912 - Main logger - 8a40e9ef-5148-4e2f-9cea-bdb1789b9349 - INFO - BOT SAYS: [{'delay': 0, 'payload': {'text': 'Hello!'}, 'type': 'text'}, {'delay': 0, 'payload': {'text': 'test'}, 'type': 'text'}, {'delay': 0, 'payload': {'text': 'What would you like to practice?'}, 'type': 'text'}, {'delay': 0, 'payload': OrderedDict([('label', 'sums'), ('next_state', 'sums'), ('type', 'something')]), 'type': 'button'}, {'delay': 0, 'payload': OrderedDict([('label', 'substraction'), ('next_state', 'substraction'), ('type', 'something')]), 'type': 'button'}]
2017-05-10 17:28:55,553 - Main logger - 8a40e9ef-5148-4e2f-9cea-bdb1789b9349 - INFO - BOT SAYS: [{'delay': 0, 'payload': {'text': 'How many questions?'}, 'type': 'text'}, {'delay': 0, 'payload': {'tooltips_postfix': '', 'tooltips_decimals': 0, 'max_value': 50, 'min_value': 1, 'tooltips': True, 'default_values': [0], 'entities': ['maxcount'], 'tooltips_prefix': '', 'connect': True, 'step': 1}, 'type': 'slider'}]
2017-05-10 17:28:57,411 - Main logger - 8a40e9ef-5148-4e2f-9cea-bdb1789b9349 - INFO - BOT SAYS: [{'delay': 0, 'payload': {'text': '#1: 74 + 84 = ?'}, 'type': 'text'}]
2017-05-10 17:29:02,948 - Main logger - 8a40e9ef-5148-4e2f-9cea-bdb1789b9349 - INFO - USER SAYS: 158
2017-05-10 17:29:03,191 - Main logger - 8a40e9ef-5148-4e2f-9cea-bdb1789b9349 - INFO - BOT SAYS: [{'delay': 0, 'payload': {'text': "Great! That's right!"}, 'type': 'text'}, {'delay': 0, 'payload': {'text': 'Do you want to keep on practicing?'}, 'type': 'text'}, {'delay': 0, 'payload': OrderedDict([('label', 'Yes'), ('next_state', 'welcome_question'), ('type', '')]), 'type': 'button'}, {'delay': 0, 'payload': OrderedDict([('label', 'No'), ('next_state', 'end'), ('type', '')]), 'type': 'button'}]
2017-05-10 17:29:05,151 - Main logger - 8a40e9ef-5148-4e2f-9cea-bdb1789b9349 - INFO - BOT SAYS: [{'delay': 0, 'payload': {'text': 'What would you like to practice?'}, 'type': 'text'}, {'delay': 0, 'payload': OrderedDict([('label', 'sums'), ('next_state', 'sums'), ('type', 'something')]), 'type': 'button'}, {'delay': 0, 'payload': OrderedDict([('label', 'substraction'), ('next_state', 'substraction'), ('type', 'something')]), 'type': 'button'}]
2017-05-10 17:29:06,748 - Main logger - 8a40e9ef-5148-4e2f-9cea-bdb1789b9349 - INFO - BOT SAYS: [{'delay': 0, 'payload': {'text': 'How many questions?'}, 'type': 'text'}, {'delay': 0, 'payload': {'tooltips_postfix': '', 'tooltips_decimals': 0, 'max_value': 50, 'min_value': 1, 'tooltips': True, 'default_values': [0], 'entities': ['maxcount'], 'tooltips_prefix': '', 'connect': True, 'step': 1}, 'type': 'slider'}]
2017-05-10 17:29:09,792 - Main logger - 8a40e9ef-5148-4e2f-9cea-bdb1789b9349 - INFO - BOT SAYS: [{'delay': 0, 'payload': {'text': '#2: 31 - 13 = ?'}, 'type': 'text'}]
2017-05-10 17:29:10,919 - Main logger - 8a40e9ef-5148-4e2f-9cea-bdb1789b9349 - INFO - BOT SAYS: [{'delay': 0, 'payload': {'text': 'That is a wrong answer. The correct answer was 18.'}, 'type': 'text'}, {'delay': 0, 'payload': {'text': '#3: 79 - 54 = ?'}, 'type': 'text'}]
2017-05-10 17:29:11,660 - Main logger - 8a40e9ef-5148-4e2f-9cea-bdb1789b9349 - INFO - BOT SAYS: [{'delay': 0, 'payload': {'text': 'That is a wrong answer. The correct answer was 25.'}, 'type': 'text'}, {'delay': 0, 'payload': {'text': '#4: 5 - 5 = ?'}, 'type': 'text'}]
2017-05-10 17:29:12,243 - Main logger - 8a40e9ef-5148-4e2f-9cea-bdb1789b9349 - INFO - BOT SAYS: [{'delay': 0, 'payload': {'text': 'That is a wrong answer. The correct answer was 0.'}, 'type': 'text'}, {'delay': 0, 'payload': {'text': '#5: 94 - 92 = ?'}, 'type': 'text'}]
2017-05-10 17:29:12,808 - Main logger - 8a40e9ef-5148-4e2f-9cea-bdb1789b9349 - INFO - BOT SAYS: [{'delay': 0, 'payload': {'text': 'That is a wrong answer. The correct answer was 2.'}, 'type': 'text'}, {'delay': 0, 'payload': {'text': 'Do you want to keep on practicing?'}, 'type': 'text'}, {'delay': 0, 'payload': OrderedDict([('label', 'Yes'), ('next_state', 'welcome_question'), ('type', '')]), 'type': 'button'}, {'delay': 0, 'payload': OrderedDict([('label', 'No'), ('next_state', 'end'), ('type', '')]), 'type': 'button'}]
2017-05-10 17:29:13,284 - Main logger - 8a40e9ef-5148-4e2f-9cea-bdb1789b9349 - INFO - BOT SAYS: [{'delay': 0, 'payload': {'text': 'Goodbye.'}, 'type': 'text'}]
2017-05-10 17:29:13,286 - Main logger - 8a40e9ef-5148-4e2f-9cea-bdb1789b9349 - INFO - ===== SESSION END =====
