2017-04-07 12:23:38,010 - Main logger - fa687027-811c-42db-85fb-c04efefe43f3 - INFO - BOT SAYS: [{'type': 'text', 'payload': {'text': 'Hrajeme hru Mesta, mas napsat existujici mesto, ktere se zacina stejnym pismenem, kterym konci posledni napsane.'}, 'delay': 0}, {'type': 'text', 'payload': {'text': 'Chces kontrolu tvych mest? '}, 'delay': 0}, {'type': 'button', 'payload': OrderedDict([('label', 'Ano'), ('next_state', 'ano_state'), ('type', 'Main')]), 'delay': 0}, {'type': 'button', 'payload': OrderedDict([('label', 'Ne'), ('next_state', 'ne_state'), ('type', 'Main')]), 'delay': 0}]
2017-04-07 12:23:39,255 - Main logger - fa687027-811c-42db-85fb-c04efefe43f3 - INFO - BOT SAYS: [{'type': 'text', 'payload': {'text': 'Tak prvni mesto je Praha, mas zacit "A"'}, 'delay': 0}]
2017-04-07 12:23:42,564 - Main logger - fa687027-811c-42db-85fb-c04efefe43f3 - INFO - USER SAYS: Antananarivo
2017-04-07 12:23:42,627 - Main logger - fa687027-811c-42db-85fb-c04efefe43f3 - INFO - BOT SAYS: [{'type': 'text', 'payload': {'text': 'Parada! Pisu dalsi mesto.'}, 'delay': 0}, {'type': 'text', 'payload': {'text': 'Dalsi mesto je Ouagadougou, je to hlavni mesto statu Burkina Faso '}, 'delay': 0}, {'type': 'text', 'payload': {'text': 'Mas napsat mesto, zacinajici "U" '}, 'delay': 0}]
2017-04-07 13:24:05,308 - Main logger - 9bf2cc57-199c-42dc-a313-62cd19ed8c3c - INFO - BOT SAYS: [{'type': 'text', 'payload': {'text': 'Hrajeme hru Mesta, mas napsat existujici mesto, ktere se zacina stejnym pismenem, kterym konci posledni napsane.'}, 'delay': 0}, {'type': 'text', 'payload': {'text': 'Chces kontrolu tvych mest? '}, 'delay': 0}, {'type': 'button', 'payload': OrderedDict([('label', 'Ano'), ('next_state', 'ano_state'), ('type', 'Main')]), 'delay': 0}, {'type': 'button', 'payload': OrderedDict([('label', 'Ne'), ('next_state', 'ne_state'), ('type', 'Main')]), 'delay': 0}]
2017-04-07 13:24:07,057 - Main logger - 9bf2cc57-199c-42dc-a313-62cd19ed8c3c - INFO - BOT SAYS: [{'type': 'text', 'payload': {'text': 'Tak prvni mesto je Praha, mas zacit "A"'}, 'delay': 0}]
2017-04-07 13:24:11,194 - Main logger - 9bf2cc57-199c-42dc-a313-62cd19ed8c3c - INFO - USER SAYS: Antananarivo
2017-04-07 13:24:11,361 - Main logger - 9bf2cc57-199c-42dc-a313-62cd19ed8c3c - INFO - BOT SAYS: [{'type': 'text', 'payload': {'text': 'Parada! Pisu dalsi mesto.'}, 'delay': 0}, {'type': 'text', 'payload': {'text': 'Dalsi mesto je Ottawa, je to hlavni mesto statu Canada '}, 'delay': 0}, {'type': 'text', 'payload': {'text': 'Mas napsat mesto, zacinajici "A" '}, 'delay': 0}]
2017-04-07 13:24:13,656 - Main logger - 9bf2cc57-199c-42dc-a313-62cd19ed8c3c - INFO - RESET
2017-04-07 13:24:13,657 - Main logger - 9bf2cc57-199c-42dc-a313-62cd19ed8c3c - INFO - GOTO: init
2017-04-07 13:24:13,674 - Main logger - 9bf2cc57-199c-42dc-a313-62cd19ed8c3c - INFO - BOT SAYS: [{'type': 'text', 'payload': {'text': 'Hrajeme hru Mesta, mas napsat existujici mesto, ktere se zacina stejnym pismenem, kterym konci posledni napsane.'}, 'delay': 0}, {'type': 'text', 'payload': {'text': 'Chces kontrolu tvych mest? '}, 'delay': 0}, {'type': 'button', 'payload': OrderedDict([('label', 'Ano'), ('next_state', 'ano_state'), ('type', 'Main')]), 'delay': 0}, {'type': 'button', 'payload': OrderedDict([('label', 'Ne'), ('next_state', 'ne_state'), ('type', 'Main')]), 'delay': 0}]
2017-04-07 13:24:15,582 - Main logger - 9bf2cc57-199c-42dc-a313-62cd19ed8c3c - INFO - BOT SAYS: [{'type': 'text', 'payload': {'text': 'Tak prvni mesto je Praha, mas zacit "A"'}, 'delay': 0}]
2017-04-07 13:24:18,558 - Main logger - 9bf2cc57-199c-42dc-a313-62cd19ed8c3c - INFO - USER SAYS: As
2017-04-07 13:24:18,582 - Main logger - 9bf2cc57-199c-42dc-a313-62cd19ed8c3c - INFO - BOT SAYS: [{'type': 'text', 'payload': {'text': 'Fuj, takove hlavne mesto neexistuje, zkus jeste jednou.'}, 'delay': 0}]
2017-04-07 13:24:22,995 - Main logger - 9bf2cc57-199c-42dc-a313-62cd19ed8c3c - INFO - USER SAYS: Antananarivo
2017-04-07 13:24:23,037 - Main logger - 9bf2cc57-199c-42dc-a313-62cd19ed8c3c - INFO - BOT SAYS: [{'type': 'text', 'payload': {'text': 'Parada! Pisu dalsi mesto.'}, 'delay': 0}, {'type': 'text', 'payload': {'text': 'Dalsi mesto je Oslo, je to hlavni mesto statu Norway '}, 'delay': 0}, {'type': 'text', 'payload': {'text': 'Mas napsat mesto, zacinajici "O" '}, 'delay': 0}]
2017-04-07 13:28:16,860 - Main logger - e06b18f6-0ce7-48f4-ab24-c48abf008727 - INFO - BOT SAYS: [{'type': 'text', 'payload': {'text': 'Hrajeme hru Mesta, mas napsat existujici mesto, ktere se zacina stejnym pismenem, kterym konci posledni napsane.'}, 'delay': 0}, {'type': 'text', 'payload': {'text': 'Chces hrat nebo naucit bota mestam? '}, 'delay': 0}, {'type': 'button', 'payload': OrderedDict([('label', 'Hrat'), ('next_state', 'state1'), ('type', 'Main')]), 'delay': 0}, {'type': 'button', 'payload': OrderedDict([('label', 'Naucit'), ('next_state', 'teach_bot'), ('type', 'Main')]), 'delay': 0}]
2017-04-07 13:28:22,878 - Main logger - e06b18f6-0ce7-48f4-ab24-c48abf008727 - INFO - BOT SAYS: [{'type': 'text', 'payload': {'text': 'Chces kontrolu tvych mest? '}, 'delay': 0}, {'type': 'button', 'payload': OrderedDict([('label', 'Ano'), ('next_state', 'ano_state'), ('type', 'Main')]), 'delay': 0}, {'type': 'button', 'payload': OrderedDict([('label', 'Ne'), ('next_state', 'ne_state'), ('type', 'Main')]), 'delay': 0}]
2017-04-07 13:28:24,527 - Main logger - e06b18f6-0ce7-48f4-ab24-c48abf008727 - INFO - BOT SAYS: [{'type': 'text', 'payload': {'text': 'Tak prvni mesto je Praha, mas zacit "A"'}, 'delay': 0}]
2017-04-07 13:28:26,900 - Main logger - e06b18f6-0ce7-48f4-ab24-c48abf008727 - INFO - RESET
2017-04-07 13:28:26,901 - Main logger - e06b18f6-0ce7-48f4-ab24-c48abf008727 - INFO - GOTO: init
2017-04-07 13:28:26,920 - Main logger - e06b18f6-0ce7-48f4-ab24-c48abf008727 - INFO - BOT SAYS: [{'type': 'text', 'payload': {'text': 'Hrajeme hru Mesta, mas napsat existujici mesto, ktere se zacina stejnym pismenem, kterym konci posledni napsane.'}, 'delay': 0}, {'type': 'text', 'payload': {'text': 'Chces hrat nebo naucit bota mestam? '}, 'delay': 0}, {'type': 'button', 'payload': OrderedDict([('label', 'Hrat'), ('next_state', 'state1'), ('type', 'Main')]), 'delay': 0}, {'type': 'button', 'payload': OrderedDict([('label', 'Naucit'), ('next_state', 'teach_bot'), ('type', 'Main')]), 'delay': 0}]
2017-04-07 13:58:14,699 - Main logger - 51629e04-62f9-4b82-b818-b8cd0e9042b5 - INFO - BOT SAYS: [{'type': 'text', 'payload': {'text': 'Hrajeme hru Mesta, mas napsat existujici mesto, ktere se zacina stejnym pismenem, kterym konci posledni napsane.'}, 'delay': 0}, {'type': 'text', 'payload': {'text': 'Chces hrat nebo naucit bota mestam? '}, 'delay': 0}, {'type': 'button', 'payload': OrderedDict([('label', 'Hrat'), ('next_state', 'state1'), ('type', 'Main')]), 'delay': 0}, {'type': 'button', 'payload': OrderedDict([('label', 'Naucit'), ('next_state', 'teach_bot'), ('type', 'Main')]), 'delay': 0}]
2017-04-07 13:58:38,235 - Main logger - ae1057dd-fd75-4f0d-b0f4-af27e4f58f76 - INFO - BOT SAYS: [{'type': 'text', 'payload': {'text': 'Hrajeme hru Mesta, mas napsat existujici mesto, ktere se zacina stejnym pismenem, kterym konci posledni napsane.'}, 'delay': 0}, {'type': 'text', 'payload': {'text': 'Chces hrat nebo naucit bota mestam? '}, 'delay': 0}, {'type': 'button', 'payload': OrderedDict([('label', 'Hrat'), ('next_state', 'state1'), ('type', 'Main')]), 'delay': 0}, {'type': 'button', 'payload': OrderedDict([('label', 'Naucit'), ('next_state', 'teach_bot'), ('type', 'Main')]), 'delay': 0}]
2017-04-07 14:00:58,996 - Main logger - bda36802-7767-4707-8bbd-5334d6a8ccaf - INFO - BOT SAYS: [{'type': 'text', 'payload': {'text': 'Hrajeme hru Mesta, mas napsat existujici mesto, ktere se zacina stejnym pismenem, kterym konci posledni napsane.'}, 'delay': 0}, {'type': 'text', 'payload': {'text': 'Chces hrat nebo naucit bota mestam? '}, 'delay': 0}, {'type': 'button', 'payload': OrderedDict([('label', 'Hrat'), ('next_state', 'state1'), ('type', 'Main')]), 'delay': 0}, {'type': 'button', 'payload': OrderedDict([('label', 'Naucit'), ('next_state', 'teach_bot'), ('type', 'Main')]), 'delay': 0}]
2017-04-07 14:01:00,616 - Main logger - bda36802-7767-4707-8bbd-5334d6a8ccaf - INFO - BOT SAYS: [{'type': 'text', 'payload': {'text': 'Pro dalsi postup musite napsat heslo.'}, 'delay': 0}]
2017-04-07 14:01:04,907 - Main logger - bda36802-7767-4707-8bbd-5334d6a8ccaf - INFO - USER SAYS: 1337
2017-04-07 14:01:09,776 - Main logger - bda36802-7767-4707-8bbd-5334d6a8ccaf - INFO - RESET
2017-04-07 14:01:09,783 - Main logger - bda36802-7767-4707-8bbd-5334d6a8ccaf - INFO - GOTO: init
2017-04-07 14:01:09,800 - Main logger - bda36802-7767-4707-8bbd-5334d6a8ccaf - INFO - BOT SAYS: [{'type': 'text', 'payload': {'text': 'Hrajeme hru Mesta, mas napsat existujici mesto, ktere se zacina stejnym pismenem, kterym konci posledni napsane.'}, 'delay': 0}, {'type': 'text', 'payload': {'text': 'Chces hrat nebo naucit bota mestam? '}, 'delay': 0}, {'type': 'button', 'payload': OrderedDict([('label', 'Hrat'), ('next_state', 'state1'), ('type', 'Main')]), 'delay': 0}, {'type': 'button', 'payload': OrderedDict([('label', 'Naucit'), ('next_state', 'teach_bot'), ('type', 'Main')]), 'delay': 0}]
2017-04-07 14:01:11,049 - Main logger - bda36802-7767-4707-8bbd-5334d6a8ccaf - INFO - BOT SAYS: [{'type': 'text', 'payload': {'text': 'Chces kontrolu tvych mest? '}, 'delay': 0}, {'type': 'button', 'payload': OrderedDict([('label', 'Ano'), ('next_state', 'ano_state'), ('type', 'Main')]), 'delay': 0}, {'type': 'button', 'payload': OrderedDict([('label', 'Ne'), ('next_state', 'ne_state'), ('type', 'Main')]), 'delay': 0}]
2017-04-07 14:01:13,415 - Main logger - bda36802-7767-4707-8bbd-5334d6a8ccaf - INFO - RESET
2017-04-07 14:01:13,417 - Main logger - bda36802-7767-4707-8bbd-5334d6a8ccaf - INFO - GOTO: init
2017-04-07 14:01:13,437 - Main logger - bda36802-7767-4707-8bbd-5334d6a8ccaf - INFO - BOT SAYS: [{'type': 'text', 'payload': {'text': 'Hrajeme hru Mesta, mas napsat existujici mesto, ktere se zacina stejnym pismenem, kterym konci posledni napsane.'}, 'delay': 0}, {'type': 'text', 'payload': {'text': 'Chces hrat nebo naucit bota mestam? '}, 'delay': 0}, {'type': 'button', 'payload': OrderedDict([('label', 'Hrat'), ('next_state', 'state1'), ('type', 'Main')]), 'delay': 0}, {'type': 'button', 'payload': OrderedDict([('label', 'Naucit'), ('next_state', 'teach_bot'), ('type', 'Main')]), 'delay': 0}]
2017-04-07 14:08:49,308 - Main logger - bda36802-7767-4707-8bbd-5334d6a8ccaf - INFO - RESET
2017-04-07 14:08:49,314 - Main logger - bda36802-7767-4707-8bbd-5334d6a8ccaf - INFO - GOTO: init
2017-04-07 14:08:49,333 - Main logger - bda36802-7767-4707-8bbd-5334d6a8ccaf - INFO - BOT SAYS: [{'type': 'text', 'payload': {'text': 'Hrajeme hru Mesta, mas napsat existujici mesto, ktere se zacina stejnym pismenem, kterym konci posledni napsane.'}, 'delay': 0}, {'type': 'text', 'payload': {'text': 'Chces hrat nebo naucit bota mestam? '}, 'delay': 0}, {'type': 'button', 'payload': OrderedDict([('label', 'Hrat'), ('next_state', 'state1'), ('type', 'Main')]), 'delay': 0}, {'type': 'button', 'payload': OrderedDict([('label', 'Naucit'), ('next_state', 'teach_bot'), ('type', 'Main')]), 'delay': 0}]
2017-04-07 14:08:54,236 - Main logger - bda36802-7767-4707-8bbd-5334d6a8ccaf - INFO - BOT SAYS: [{'type': 'text', 'payload': {'text': 'Chces kontrolu tvych mest? '}, 'delay': 0}, {'type': 'button', 'payload': OrderedDict([('label', 'Ano'), ('next_state', 'ano_state'), ('type', 'Main')]), 'delay': 0}, {'type': 'button', 'payload': OrderedDict([('label', 'Ne'), ('next_state', 'ne_state'), ('type', 'Main')]), 'delay': 0}]
2017-04-07 14:11:35,142 - Main logger - bda36802-7767-4707-8bbd-5334d6a8ccaf - INFO - RESET
2017-04-07 14:11:35,147 - Main logger - bda36802-7767-4707-8bbd-5334d6a8ccaf - INFO - GOTO: init
2017-04-07 14:11:35,167 - Main logger - bda36802-7767-4707-8bbd-5334d6a8ccaf - INFO - BOT SAYS: [{'type': 'text', 'payload': {'text': 'Hrajeme hru Mesta, mas napsat existujici mesto, ktere se zacina stejnym pismenem, kterym konci posledni napsane.'}, 'delay': 0}, {'type': 'text', 'payload': {'text': 'Chces hrat nebo naucit bota mestam? '}, 'delay': 0}, {'type': 'button', 'payload': OrderedDict([('label', 'Hrat'), ('next_state', 'state1'), ('type', 'Main')]), 'delay': 0}, {'type': 'button', 'payload': OrderedDict([('label', 'Naucit'), ('next_state', 'teach_bot'), ('type', 'Main')]), 'delay': 0}]
2017-04-07 14:11:45,289 - Main logger - bda36802-7767-4707-8bbd-5334d6a8ccaf - INFO - BOT SAYS: [{'type': 'text', 'payload': {'text': 'Pro dalsi postup musite napsat heslo.'}, 'delay': 0}]
2017-04-07 14:33:19,436 - Main logger - bda36802-7767-4707-8bbd-5334d6a8ccaf - INFO - USER SAYS: 1337
2017-04-07 15:03:49,923 - Main logger - 90ad0168-6d54-40c5-b9b5-f58f1aaa9cad - INFO - BOT SAYS: [{'type': 'text', 'payload': {'text': 'Hrajeme hru Mesta, mas napsat existujici mesto, ktere se zacina stejnym pismenem, kterym konci posledni napsane.'}, 'delay': 0}, {'type': 'text', 'payload': {'text': 'Chces hrat nebo naucit bota mestam? '}, 'delay': 0}, {'type': 'button', 'payload': OrderedDict([('label', 'Hrat'), ('next_state', 'state1'), ('type', 'Main')]), 'delay': 0}, {'type': 'button', 'payload': OrderedDict([('label', 'Naucit'), ('next_state', 'teach_bot'), ('type', 'Main')]), 'delay': 0}]
2017-04-07 15:03:51,537 - Main logger - 90ad0168-6d54-40c5-b9b5-f58f1aaa9cad - INFO - BOT SAYS: [{'type': 'text', 'payload': {'text': 'Pro dalsi postup musite napsat heslo.'}, 'delay': 0}]
2017-04-07 15:03:54,574 - Main logger - 90ad0168-6d54-40c5-b9b5-f58f1aaa9cad - INFO - USER SAYS: 52542523
2017-04-07 15:03:57,998 - Main logger - 90ad0168-6d54-40c5-b9b5-f58f1aaa9cad - INFO - RESET
2017-04-07 15:03:57,999 - Main logger - 90ad0168-6d54-40c5-b9b5-f58f1aaa9cad - INFO - GOTO: init
2017-04-07 15:03:58,015 - Main logger - 90ad0168-6d54-40c5-b9b5-f58f1aaa9cad - INFO - BOT SAYS: [{'type': 'text', 'payload': {'text': 'Hrajeme hru Mesta, mas napsat existujici mesto, ktere se zacina stejnym pismenem, kterym konci posledni napsane.'}, 'delay': 0}, {'type': 'text', 'payload': {'text': 'Chces hrat nebo naucit bota mestam? '}, 'delay': 0}, {'type': 'button', 'payload': OrderedDict([('label', 'Hrat'), ('next_state', 'state1'), ('type', 'Main')]), 'delay': 0}, {'type': 'button', 'payload': OrderedDict([('label', 'Naucit'), ('next_state', 'teach_bot'), ('type', 'Main')]), 'delay': 0}]
2017-04-07 15:11:11,629 - Main logger - 275e7255-55d5-475f-ac13-741b10e527f0 - INFO - BOT SAYS: [{'type': 'text', 'payload': {'text': 'Hrajeme hru Mesta, mas napsat existujici mesto, ktere se zacina stejnym pismenem, kterym konci posledni napsane.'}, 'delay': 0}, {'type': 'text', 'payload': {'text': 'Chces hrat nebo naucit bota mestam? '}, 'delay': 0}, {'type': 'button', 'payload': OrderedDict([('label', 'Hrat'), ('next_state', 'state1'), ('type', 'Main')]), 'delay': 0}, {'type': 'button', 'payload': OrderedDict([('label', 'Naucit'), ('next_state', 'teach_bot'), ('type', 'Main')]), 'delay': 0}]
2017-04-07 15:11:16,614 - Main logger - 275e7255-55d5-475f-ac13-741b10e527f0 - INFO - BOT SAYS: [{'type': 'text', 'payload': {'text': 'Pro dalsi postup musite napsat heslo.'}, 'delay': 0}]
2017-04-07 15:11:20,404 - Main logger - 275e7255-55d5-475f-ac13-741b10e527f0 - INFO - USER SAYS: 1234
2017-04-07 15:11:22,265 - Main logger - 275e7255-55d5-475f-ac13-741b10e527f0 - INFO - RESET
2017-04-07 15:11:22,267 - Main logger - 275e7255-55d5-475f-ac13-741b10e527f0 - INFO - GOTO: init
2017-04-07 15:11:22,287 - Main logger - 275e7255-55d5-475f-ac13-741b10e527f0 - INFO - BOT SAYS: [{'type': 'text', 'payload': {'text': 'Hrajeme hru Mesta, mas napsat existujici mesto, ktere se zacina stejnym pismenem, kterym konci posledni napsane.'}, 'delay': 0}, {'type': 'text', 'payload': {'text': 'Chces hrat nebo naucit bota mestam? '}, 'delay': 0}, {'type': 'button', 'payload': OrderedDict([('label', 'Hrat'), ('next_state', 'state1'), ('type', 'Main')]), 'delay': 0}, {'type': 'button', 'payload': OrderedDict([('label', 'Naucit'), ('next_state', 'teach_bot'), ('type', 'Main')]), 'delay': 0}]
2017-04-07 15:11:23,456 - Main logger - 275e7255-55d5-475f-ac13-741b10e527f0 - INFO - BOT SAYS: [{'type': 'text', 'payload': {'text': 'Pro dalsi postup musite napsat heslo.'}, 'delay': 0}]
2017-04-07 15:11:27,442 - Main logger - 275e7255-55d5-475f-ac13-741b10e527f0 - INFO - USER SAYS: 1337
2017-04-07 15:11:27,468 - Main logger - 275e7255-55d5-475f-ac13-741b10e527f0 - INFO - BOT SAYS: [{'type': 'text', 'payload': {'text': 'Zadejte, prosim, spravny nazev mesta v anglictine'}, 'delay': 0}]
2017-04-07 15:11:52,950 - Main logger - 275e7255-55d5-475f-ac13-741b10e527f0 - INFO - USER SAYS: asd
2017-04-07 15:11:52,971 - Main logger - 275e7255-55d5-475f-ac13-741b10e527f0 - INFO - BOT SAYS: [{'type': 'text', 'payload': {'text': 'Ted zadejte stat tohoto mesta'}, 'delay': 0}]
2017-04-07 15:11:56,091 - Main logger - 275e7255-55d5-475f-ac13-741b10e527f0 - INFO - USER SAYS: asfsa
2017-04-07 15:11:56,104 - Main logger - 275e7255-55d5-475f-ac13-741b10e527f0 - INFO - BOT SAYS: [{'type': 'text', 'payload': {'text': 'Ted zadejte vsichni mozne synonymy tohoto mesta'}, 'delay': 0}]
2017-04-07 15:11:57,797 - Main logger - 275e7255-55d5-475f-ac13-741b10e527f0 - INFO - BOT SAYS: [{'type': 'text', 'payload': {'text': 'Dekuju moc. Chcete pokracovat v tom?'}, 'delay': 0}, {'type': 'button', 'payload': OrderedDict([('label', 'Pokracovat'), ('next_state', 'continue'), ('type', 'Main')]), 'delay': 0}, {'type': 'button', 'payload': OrderedDict([('label', 'Zacit znova'), ('next_state', 'init'), ('type', 'Main')]), 'delay': 0}]
2017-04-07 15:11:57,798 - Main logger - 275e7255-55d5-475f-ac13-741b10e527f0 - INFO - ===== SESSION END =====
2017-04-07 15:12:00,916 - Main logger - 275e7255-55d5-475f-ac13-741b10e527f0 - INFO - BOT SAYS: [{'type': 'text', 'payload': {'text': 'Zadejte, prosim, spravny nazev mesta v anglictine'}, 'delay': 0}]
2017-04-07 15:12:03,662 - Main logger - 275e7255-55d5-475f-ac13-741b10e527f0 - INFO - USER SAYS: dasdsa
2017-04-07 15:12:03,678 - Main logger - 275e7255-55d5-475f-ac13-741b10e527f0 - INFO - BOT SAYS: [{'type': 'text', 'payload': {'text': 'Ted zadejte stat tohoto mesta'}, 'delay': 0}]
2017-04-07 15:12:07,364 - Main logger - 275e7255-55d5-475f-ac13-741b10e527f0 - INFO - USER SAYS: dasdsad
2017-04-07 15:12:07,381 - Main logger - 275e7255-55d5-475f-ac13-741b10e527f0 - INFO - BOT SAYS: [{'type': 'text', 'payload': {'text': 'Ted zadejte vsichni mozne synonymy tohoto mesta'}, 'delay': 0}]
2017-04-07 15:12:11,562 - Main logger - 275e7255-55d5-475f-ac13-741b10e527f0 - INFO - USER SAYS: dsadsadas
2017-04-07 15:12:11,582 - Main logger - 275e7255-55d5-475f-ac13-741b10e527f0 - INFO - BOT SAYS: [{'type': 'text', 'payload': {'text': 'Dekuju moc. Chcete pokracovat v tom?'}, 'delay': 0}, {'type': 'button', 'payload': OrderedDict([('label', 'Pokracovat'), ('next_state', 'continue'), ('type', 'Main')]), 'delay': 0}, {'type': 'button', 'payload': OrderedDict([('label', 'Zacit znova'), ('next_state', 'init'), ('type', 'Main')]), 'delay': 0}]
2017-04-07 15:12:11,584 - Main logger - 275e7255-55d5-475f-ac13-741b10e527f0 - INFO - ===== SESSION END =====
2017-04-07 15:12:13,388 - Main logger - 275e7255-55d5-475f-ac13-741b10e527f0 - INFO - BOT SAYS: [{'type': 'text', 'payload': {'text': 'Hrajeme hru Mesta, mas napsat existujici mesto, ktere se zacina stejnym pismenem, kterym konci posledni napsane.'}, 'delay': 0}, {'type': 'text', 'payload': {'text': 'Chces hrat nebo naucit bota mestam? '}, 'delay': 0}, {'type': 'button', 'payload': OrderedDict([('label', 'Hrat'), ('next_state', 'state1'), ('type', 'Main')]), 'delay': 0}, {'type': 'button', 'payload': OrderedDict([('label', 'Naucit'), ('next_state', 'teach_bot'), ('type', 'Main')]), 'delay': 0}]
2017-04-07 15:12:20,237 - Main logger - 275e7255-55d5-475f-ac13-741b10e527f0 - INFO - RESET
2017-04-07 15:12:20,239 - Main logger - 275e7255-55d5-475f-ac13-741b10e527f0 - INFO - GOTO: init
2017-04-07 15:12:20,264 - Main logger - 275e7255-55d5-475f-ac13-741b10e527f0 - INFO - BOT SAYS: [{'type': 'text', 'payload': {'text': 'Hrajeme hru Mesta, mas napsat existujici mesto, ktere se zacina stejnym pismenem, kterym konci posledni napsane.'}, 'delay': 0}, {'type': 'text', 'payload': {'text': 'Chces hrat nebo naucit bota mestam? '}, 'delay': 0}, {'type': 'button', 'payload': OrderedDict([('label', 'Hrat'), ('next_state', 'state1'), ('type', 'Main')]), 'delay': 0}, {'type': 'button', 'payload': OrderedDict([('label', 'Naucit'), ('next_state', 'teach_bot'), ('type', 'Main')]), 'delay': 0}]
2017-04-07 15:12:22,139 - Main logger - 275e7255-55d5-475f-ac13-741b10e527f0 - INFO - BOT SAYS: [{'type': 'text', 'payload': {'text': 'Pro dalsi postup musite napsat heslo.'}, 'delay': 0}]
2017-04-07 15:12:25,566 - Main logger - 275e7255-55d5-475f-ac13-741b10e527f0 - INFO - USER SAYS: 1234
2017-04-07 15:13:50,444 - Main logger - 275e7255-55d5-475f-ac13-741b10e527f0 - INFO - RESET
2017-04-07 15:13:50,446 - Main logger - 275e7255-55d5-475f-ac13-741b10e527f0 - INFO - GOTO: init
2017-04-07 15:13:50,463 - Main logger - 275e7255-55d5-475f-ac13-741b10e527f0 - INFO - BOT SAYS: [{'type': 'text', 'payload': {'text': 'Hrajeme hru Mesta, mas napsat existujici mesto, ktere se zacina stejnym pismenem, kterym konci posledni napsane.'}, 'delay': 0}, {'type': 'text', 'payload': {'text': 'Chces hrat nebo naucit bota mestam? '}, 'delay': 0}, {'type': 'button', 'payload': OrderedDict([('label', 'Hrat'), ('next_state', 'state1'), ('type', 'Main')]), 'delay': 0}, {'type': 'button', 'payload': OrderedDict([('label', 'Naucit'), ('next_state', 'teach_bot'), ('type', 'Main')]), 'delay': 0}]
2017-04-07 15:16:09,922 - Main logger - 275e7255-55d5-475f-ac13-741b10e527f0 - INFO - BOT SAYS: [{'type': 'text', 'payload': {'text': 'Chces kontrolu tvych mest? '}, 'delay': 0}, {'type': 'button', 'payload': OrderedDict([('label', 'Ano'), ('next_state', 'ano_state'), ('type', 'Main')]), 'delay': 0}, {'type': 'button', 'payload': OrderedDict([('label', 'Ne'), ('next_state', 'ne_state'), ('type', 'Main')]), 'delay': 0}]
2017-04-07 15:16:32,403 - Main logger - 275e7255-55d5-475f-ac13-741b10e527f0 - INFO - BOT SAYS: [{'type': 'text', 'payload': {'text': 'Tak prvni mesto je Praha, mas zacit "A"'}, 'delay': 0}]
2017-04-07 15:17:06,095 - Main logger - 275e7255-55d5-475f-ac13-741b10e527f0 - INFO - USER SAYS: Antananarivo
2017-04-07 15:17:06,151 - Main logger - 275e7255-55d5-475f-ac13-741b10e527f0 - INFO - BOT SAYS: [{'type': 'text', 'payload': {'text': 'Parada! Pisu dalsi mesto.'}, 'delay': 0}, {'type': 'text', 'payload': {'text': 'Dalsi mesto je Ottawa, je to hlavni mesto statu Canada '}, 'delay': 0}, {'type': 'text', 'payload': {'text': 'Mas napsat mesto, zacinajici "A" '}, 'delay': 0}]
2017-04-07 15:17:22,893 - Main logger - 275e7255-55d5-475f-ac13-741b10e527f0 - INFO - USER SAYS: Accra
2017-04-07 15:17:22,951 - Main logger - 275e7255-55d5-475f-ac13-741b10e527f0 - INFO - BOT SAYS: [{'type': 'text', 'payload': {'text': 'Parada! Pisu dalsi mesto.'}, 'delay': 0}, {'type': 'text', 'payload': {'text': 'Dalsi mesto je Astana, je to hlavni mesto statu Kazakhstan '}, 'delay': 0}, {'type': 'text', 'payload': {'text': 'Mas napsat mesto, zacinajici "A" '}, 'delay': 0}]
2017-04-07 15:17:42,124 - Main logger - 275e7255-55d5-475f-ac13-741b10e527f0 - INFO - USER SAYS: ASTANA
2017-04-07 15:17:42,174 - Main logger - 275e7255-55d5-475f-ac13-741b10e527f0 - INFO - BOT SAYS: [{'type': 'text', 'payload': {'text': 'Parada! Pisu dalsi mesto.'}, 'delay': 0}, {'type': 'text', 'payload': {'text': 'Dalsi mesto je Abuja, je to hlavni mesto statu Nigeria '}, 'delay': 0}, {'type': 'text', 'payload': {'text': 'Mas napsat mesto, zacinajici "A" '}, 'delay': 0}]
2017-04-07 15:18:29,608 - Main logger - 19d231a7-8ec4-494a-8869-2f1ec03d9c31 - INFO - BOT SAYS: [{'type': 'text', 'payload': {'text': 'Hrajeme hru Mesta, mas napsat existujici mesto, ktere se zacina stejnym pismenem, kterym konci posledni napsane.'}, 'delay': 0}, {'type': 'text', 'payload': {'text': 'Chces hrat nebo naucit bota mestam? '}, 'delay': 0}, {'type': 'button', 'payload': OrderedDict([('label', 'Hrat'), ('next_state', 'state1'), ('type', 'Main')]), 'delay': 0}, {'type': 'button', 'payload': OrderedDict([('label', 'Naucit'), ('next_state', 'teach_bot'), ('type', 'Main')]), 'delay': 0}]
2017-04-07 15:33:10,409 - Main logger - 1d57272e-d34b-48a7-b267-503392212622 - INFO - BOT SAYS: [{'type': 'text', 'payload': {'text': 'Hrajeme hru Mesta, mas napsat existujici mesto, ktere se zacina stejnym pismenem, kterym konci posledni napsane.'}, 'delay': 0}, {'type': 'text', 'payload': {'text': 'Chces hrat nebo naucit bota mestam? '}, 'delay': 0}, {'type': 'button', 'payload': OrderedDict([('label', 'Hrat'), ('next_state', 'state1'), ('type', 'Main')]), 'delay': 0}, {'type': 'button', 'payload': OrderedDict([('label', 'Naucit'), ('next_state', 'teach_bot'), ('type', 'Main')]), 'delay': 0}]
2017-04-07 15:33:12,290 - Main logger - 1d57272e-d34b-48a7-b267-503392212622 - INFO - BOT SAYS: [{'type': 'text', 'payload': {'text': 'Pro dalsi postup musite napsat heslo.'}, 'delay': 0}]
2017-04-07 15:33:15,398 - Main logger - 1d57272e-d34b-48a7-b267-503392212622 - INFO - USER SAYS: 12321
2017-04-07 15:33:15,427 - Main logger - 1d57272e-d34b-48a7-b267-503392212622 - INFO - BOT SAYS: [{'type': 'text', 'payload': {'text': 'Bohuzel, to neni spravne heslo...vracim se na zacatek... '}, 'delay': 0}, {'type': 'text', 'payload': {'text': 'Hrajeme hru Mesta, mas napsat existujici mesto, ktere se zacina stejnym pismenem, kterym konci posledni napsane.'}, 'delay': 0}, {'type': 'text', 'payload': {'text': 'Chces hrat nebo naucit bota mestam? '}, 'delay': 0}, {'type': 'button', 'payload': OrderedDict([('label', 'Hrat'), ('next_state', 'state1'), ('type', 'Main')]), 'delay': 0}, {'type': 'button', 'payload': OrderedDict([('label', 'Naucit'), ('next_state', 'teach_bot'), ('type', 'Main')]), 'delay': 0}]
2017-05-10 17:13:25,355 - Main logger - 5197dc22-1404-42bf-8b2c-b3ff247a2573 - INFO - BOT SAYS: [{'type': 'text', 'payload': {'text': 'Hrajeme hru Mesta, mas napsat existujici mesto, ktere se zacina stejnym pismenem, kterym konci posledni napsane.'}, 'delay': 0}, {'type': 'text', 'payload': {'text': 'Chces hrat nebo naucit bota mestam? '}, 'delay': 0}, {'type': 'button', 'payload': OrderedDict([('label', 'Hrat'), ('next_state', 'state1'), ('type', 'Main')]), 'delay': 0}, {'type': 'button', 'payload': OrderedDict([('label', 'Naucit'), ('next_state', 'teach_bot'), ('type', 'Main')]), 'delay': 0}]
2017-05-10 17:13:27,540 - Main logger - 5197dc22-1404-42bf-8b2c-b3ff247a2573 - INFO - BOT SAYS: [{'type': 'text', 'payload': {'text': 'Chces kontrolu tvych mest? '}, 'delay': 0}, {'type': 'button', 'payload': OrderedDict([('label', 'Ano'), ('next_state', 'ano_state'), ('type', 'Main')]), 'delay': 0}, {'type': 'button', 'payload': OrderedDict([('label', 'Ne'), ('next_state', 'ne_state'), ('type', 'Main')]), 'delay': 0}]
2017-05-10 17:13:29,020 - Main logger - 5197dc22-1404-42bf-8b2c-b3ff247a2573 - INFO - BOT SAYS: [{'type': 'text', 'payload': {'text': 'Tak prvni mesto je Praha, mas zacit "A"'}, 'delay': 0}]
2017-05-10 17:13:32,489 - Main logger - 5197dc22-1404-42bf-8b2c-b3ff247a2573 - INFO - USER SAYS: Antananarivo
2017-05-10 17:13:32,652 - Main logger - 5197dc22-1404-42bf-8b2c-b3ff247a2573 - INFO - BOT SAYS: [{'type': 'text', 'payload': {'text': 'Parada! Pisu dalsi mesto.'}, 'delay': 0}, {'type': 'text', 'payload': {'text': 'Dalsi mesto je Ouagadougou, je to hlavni mesto statu Burkina Faso '}, 'delay': 0}, {'type': 'text', 'payload': {'text': 'Mas napsat mesto, zacinajici "U" '}, 'delay': 0}]
2017-05-10 17:16:51,447 - Main logger - 715bc28f-0d7d-482c-bf2a-c655b1d11199 - INFO - BOT SAYS: [{'type': 'text', 'payload': {'text': 'Hrajeme hru Mesta, mas napsat existujici mesto, ktere se zacina stejnym pismenem, kterym konci posledni napsane.'}, 'delay': 0}, {'type': 'text', 'payload': {'text': 'Chces hrat nebo naucit bota mestam? '}, 'delay': 0}, {'type': 'button', 'payload': OrderedDict([('label', 'Hrat'), ('next_state', 'state1'), ('type', 'Main')]), 'delay': 0}, {'type': 'button', 'payload': OrderedDict([('label', 'Naucit'), ('next_state', 'teach_bot'), ('type', 'Main')]), 'delay': 0}]
2017-05-10 17:16:53,729 - Main logger - 715bc28f-0d7d-482c-bf2a-c655b1d11199 - INFO - BOT SAYS: [{'type': 'text', 'payload': {'text': 'Chces kontrolu tvych mest? '}, 'delay': 0}, {'type': 'button', 'payload': OrderedDict([('label', 'Ano'), ('next_state', 'ano_state'), ('type', 'Main')]), 'delay': 0}, {'type': 'button', 'payload': OrderedDict([('label', 'Ne'), ('next_state', 'ne_state'), ('type', 'Main')]), 'delay': 0}]
2017-05-10 17:16:55,150 - Main logger - 715bc28f-0d7d-482c-bf2a-c655b1d11199 - INFO - BOT SAYS: [{'type': 'text', 'payload': {'text': 'Tak prvni mesto je Praha, mas zacit "A"'}, 'delay': 0}]
2017-05-10 17:16:58,758 - Main logger - 715bc28f-0d7d-482c-bf2a-c655b1d11199 - INFO - USER SAYS: Antananarivo
2017-05-10 19:58:26,432 - Main logger - 5499a3a9-9d23-4ecf-a77f-2a1420b1a968 - INFO - BOT SAYS: [{'payload': {'text': 'Hrajeme hru Mesta, mas napsat existujici mesto, ktere se zacina stejnym pismenem, kterym konci posledni napsane.'}, 'delay': 0, 'type': 'text'}, {'payload': {'text': 'Chces hrat nebo naucit bota mestam? '}, 'delay': 0, 'type': 'text'}, {'payload': OrderedDict([('label', 'Hrat'), ('next_state', 'state1'), ('type', 'Main')]), 'delay': 0, 'type': 'button'}, {'payload': OrderedDict([('label', 'Naucit'), ('next_state', 'teach_bot'), ('type', 'Main')]), 'delay': 0, 'type': 'button'}]
2017-05-10 19:58:31,031 - Main logger - 5499a3a9-9d23-4ecf-a77f-2a1420b1a968 - INFO - BOT SAYS: [{'payload': {'text': 'Chces kontrolu tvych mest? '}, 'delay': 0, 'type': 'text'}, {'payload': OrderedDict([('label', 'Ano'), ('next_state', 'ano_state'), ('type', 'Main')]), 'delay': 0, 'type': 'button'}, {'payload': OrderedDict([('label', 'Ne'), ('next_state', 'ne_state'), ('type', 'Main')]), 'delay': 0, 'type': 'button'}]
2017-05-10 19:58:33,164 - Main logger - 5499a3a9-9d23-4ecf-a77f-2a1420b1a968 - INFO - BOT SAYS: [{'payload': {'text': 'Tak prvni mesto je Praha, mas zacit "A"'}, 'delay': 0, 'type': 'text'}]
2017-05-10 19:58:37,467 - Main logger - 5499a3a9-9d23-4ecf-a77f-2a1420b1a968 - INFO - USER SAYS: as
2017-05-10 19:58:37,514 - Main logger - 5499a3a9-9d23-4ecf-a77f-2a1420b1a968 - INFO - BOT SAYS: [{'payload': {'text': 'Fuj, takove hlavne mesto neexistuje, zkus jeste jednou.'}, 'delay': 0, 'type': 'text'}]
2017-05-10 19:58:53,741 - Main logger - 5499a3a9-9d23-4ecf-a77f-2a1420b1a968 - INFO - USER SAYS: antalya
2017-05-10 19:58:53,784 - Main logger - 5499a3a9-9d23-4ecf-a77f-2a1420b1a968 - INFO - BOT SAYS: [{'payload': {'text': 'Fuj, takove hlavne mesto neexistuje, zkus jeste jednou.'}, 'delay': 0, 'type': 'text'}]
2017-05-10 19:58:58,555 - Main logger - 5499a3a9-9d23-4ecf-a77f-2a1420b1a968 - INFO - USER SAYS: antalia
2017-05-10 19:58:58,617 - Main logger - 5499a3a9-9d23-4ecf-a77f-2a1420b1a968 - INFO - BOT SAYS: [{'payload': {'text': 'Fuj, takove hlavne mesto neexistuje, zkus jeste jednou.'}, 'delay': 0, 'type': 'text'}]
2017-05-10 19:59:02,915 - Main logger - 5499a3a9-9d23-4ecf-a77f-2a1420b1a968 - INFO - USER SAYS: atheny
2017-05-10 19:59:02,946 - Main logger - 5499a3a9-9d23-4ecf-a77f-2a1420b1a968 - INFO - BOT SAYS: [{'payload': {'text': 'Fuj, takove hlavne mesto neexistuje, zkus jeste jednou.'}, 'delay': 0, 'type': 'text'}]
2017-05-10 19:59:05,049 - Main logger - 5499a3a9-9d23-4ecf-a77f-2a1420b1a968 - INFO - USER SAYS: athens
2017-05-10 19:59:05,113 - Main logger - 5499a3a9-9d23-4ecf-a77f-2a1420b1a968 - INFO - BOT SAYS: [{'payload': {'text': 'Parada! Pisu dalsi mesto.'}, 'delay': 0, 'type': 'text'}, {'payload': {'text': 'Dalsi mesto je Seoul, je to hlavni mesto statu South Korea '}, 'delay': 0, 'type': 'text'}, {'payload': {'text': 'Mas napsat mesto, zacinajici "L" '}, 'delay': 0, 'type': 'text'}]
2017-05-10 19:59:17,871 - Main logger - 5499a3a9-9d23-4ecf-a77f-2a1420b1a968 - INFO - USER SAYS: Los Angeles
2017-05-10 19:59:17,924 - Main logger - 5499a3a9-9d23-4ecf-a77f-2a1420b1a968 - INFO - BOT SAYS: [{'payload': {'text': 'Fuj, takove hlavne mesto neexistuje, zkus jeste jednou.'}, 'delay': 0, 'type': 'text'}]
2017-05-10 19:59:30,069 - Main logger - 5499a3a9-9d23-4ecf-a77f-2a1420b1a968 - INFO - USER SAYS: London
2017-05-10 19:59:30,221 - Main logger - 5499a3a9-9d23-4ecf-a77f-2a1420b1a968 - INFO - BOT SAYS: [{'payload': {'text': 'Parada! Pisu dalsi mesto.'}, 'delay': 0, 'type': 'text'}, {'payload': {'text': 'Dalsi mesto je Nicosia, je to hlavni mesto statu Cyprus '}, 'delay': 0, 'type': 'text'}, {'payload': {'text': 'Mas napsat mesto, zacinajici "A" '}, 'delay': 0, 'type': 'text'}]
2017-05-10 20:00:00,099 - Main logger - 5499a3a9-9d23-4ecf-a77f-2a1420b1a968 - INFO - RESET
2017-05-10 20:00:00,107 - Main logger - 5499a3a9-9d23-4ecf-a77f-2a1420b1a968 - INFO - GOTO: init
2017-05-10 20:00:00,184 - Main logger - 5499a3a9-9d23-4ecf-a77f-2a1420b1a968 - INFO - BOT SAYS: [{'payload': {'text': 'Hrajeme hru Mesta, mas napsat existujici mesto, ktere se zacina stejnym pismenem, kterym konci posledni napsane.'}, 'delay': 0, 'type': 'text'}, {'payload': {'text': 'Chces hrat nebo naucit bota mestam? '}, 'delay': 0, 'type': 'text'}, {'payload': OrderedDict([('label', 'Hrat'), ('next_state', 'state1'), ('type', 'Main')]), 'delay': 0, 'type': 'button'}, {'payload': OrderedDict([('label', 'Naucit'), ('next_state', 'teach_bot'), ('type', 'Main')]), 'delay': 0, 'type': 'button'}]
2017-05-10 20:00:02,246 - Main logger - 5499a3a9-9d23-4ecf-a77f-2a1420b1a968 - INFO - BOT SAYS: [{'payload': {'text': 'Pro dalsi postup musite napsat heslo.'}, 'delay': 0, 'type': 'text'}]
2017-05-10 20:00:08,396 - Main logger - 5499a3a9-9d23-4ecf-a77f-2a1420b1a968 - INFO - USER SAYS: test
2017-05-10 20:00:08,464 - Main logger - 5499a3a9-9d23-4ecf-a77f-2a1420b1a968 - INFO - BOT SAYS: [{'payload': {'text': 'Bohuzel, to neni spravne heslo...vracim se na zacatek... '}, 'delay': 0, 'type': 'text'}, {'payload': {'text': 'Hrajeme hru Mesta, mas napsat existujici mesto, ktere se zacina stejnym pismenem, kterym konci posledni napsane.'}, 'delay': 0, 'type': 'text'}, {'payload': {'text': 'Chces hrat nebo naucit bota mestam? '}, 'delay': 0, 'type': 'text'}, {'payload': OrderedDict([('label', 'Hrat'), ('next_state', 'state1'), ('type', 'Main')]), 'delay': 0, 'type': 'button'}, {'payload': OrderedDict([('label', 'Naucit'), ('next_state', 'teach_bot'), ('type', 'Main')]), 'delay': 0, 'type': 'button'}]
